nohup: ignoring input
2026-06-27 14:53:52,459 INFO [bot] 🤖 Bot polling started | Full Parallel & RegEx Cleaning Mode ON
2026-06-27 14:53:52,496 INFO [httpx] HTTP Request: POST https://api.telegram.org/bot8623301211:AAFZ77fMxpWXT3qK5Wy28eTtD5xlGFC99ik/getMe "HTTP/1.1 200 OK"
2026-06-27 14:53:52,505 INFO [httpx] HTTP Request: POST https://api.telegram.org/bot8623301211:AAFZ77fMxpWXT3qK5Wy28eTtD5xlGFC99ik/deleteWebhook "HTTP/1.1 200 OK"
2026-06-27 14:53:52,507 INFO [telegram.ext.Application] Application started
2026-06-27 14:54:02,533 INFO [httpx] HTTP Request: POST https://api.telegram.org/bot8623301211:AAFZ77fMxpWXT3qK5Wy28eTtD5xlGFC99ik/getUpdates "HTTP/1.1 200 OK"
2026-06-27 14:54:12,542 INFO [httpx] HTTP Request: POST https://api.telegram.org/bot8623301211:AAFZ77fMxpWXT3qK5Wy28eTtD5xlGFC99ik/getUpdates "HTTP/1.1 200 OK"
2026-06-27 14:54:22,552 INFO [httpx] HTTP Request: POST https://api.telegram.org/bot8623301211:AAFZ77fMxpWXT3qK5Wy28eTtD5xlGFC99ik/getUpdates "HTTP/1.1 200 OK"
2026-06-27 14:54:32,561 INFO [httpx] HTTP Request: POST https://api.telegram.org/bot8623301211:AAFZ77fMxpWXT3qK5Wy28eTtD5xlGFC99ik/getUpdates "HTTP/1.1 200 OK"
2026-06-27 14:54:42,571 INFO [httpx] HTTP Request: POST https://api.telegram.org/bot8623301211:AAFZ77fMxpWXT3qK5Wy28eTtD5xlGFC99ik/getUpdates "HTTP/1.1 200 OK"
2026-06-27 14:54:45,996 INFO [httpx] HTTP Request: POST https://api.telegram.org/bot8623301211:AAFZ77fMxpWXT3qK5Wy28eTtD5xlGFC99ik/getUpdates "HTTP/1.1 200 OK"
2026-06-27 14:54:46,112 INFO [httpx] HTTP Request: POST https://api.telegram.org/bot8623301211:AAFZ77fMxpWXT3qK5Wy28eTtD5xlGFC99ik/sendMessage "HTTP/1.1 200 OK"
2026-06-27 14:54:46,115 ERROR [bot] Error in background download task
Traceback (most recent call last):
  File "/home/smartaccuont/.local/lib/python3.12/site-packages/aiohttp/connector.py", line 1301, in _wrap_create_connection
    sock = await aiohappyeyeballs.start_connection(
           ^^^^^^^^^^^^^^^^^^^^^^^^^^^^^^^^^^^^^^^^
  File "/home/smartaccuont/.local/lib/python3.12/site-packages/aiohappyeyeballs/impl.py", line 124, in start_connection
    raise first_exception
  File "/home/smartaccuont/.local/lib/python3.12/site-packages/aiohappyeyeballs/impl.py", line 75, in start_connection
    sock = await _connect_sock(
           ^^^^^^^^^^^^^^^^^^^^
  File "/home/smartaccuont/.local/lib/python3.12/site-packages/aiohappyeyeballs/impl.py", line 210, in _connect_sock
    await loop.sock_connect(sock, address)
  File "/usr/lib/python3.12/asyncio/selector_events.py", line 651, in sock_connect
    return await fut
           ^^^^^^^^^
  File "/usr/lib/python3.12/asyncio/selector_events.py", line 691, in _sock_connect_cb
    raise OSError(err, f'Connect call failed {address}')
ConnectionRefusedError: [Errno 111] Connect call failed ('127.0.0.1', 8000)

The above exception was the direct cause of the following exception:

Traceback (most recent call last):
  File "/home/smartaccuont/smart-creators-bot/bot/telegram_bot.py", line 100, in _run_download
    job_id = await _post_download(session, url, quality)
             ^^^^^^^^^^^^^^^^^^^^^^^^^^^^^^^^^^^^^^^^^^^
  File "/home/smartaccuont/smart-creators-bot/bot/telegram_bot.py", line 75, in _post_download
    async with session.post(endpoint, params={"url": url, "quality": quality}) as resp:
  File "/home/smartaccuont/.local/lib/python3.12/site-packages/aiohttp/client.py", line 1683, in __aenter__
    self._resp: _RetType_co = await self._coro
                              ^^^^^^^^^^^^^^^^
  File "/home/smartaccuont/.local/lib/python3.12/site-packages/aiohttp/client.py", line 856, in _request
    resp = await handler(req)
           ^^^^^^^^^^^^^^^^^^
  File "/home/smartaccuont/.local/lib/python3.12/site-packages/aiohttp/client.py", line 810, in _connect_and_send_request
    conn = await self._connector.connect(
           ^^^^^^^^^^^^^^^^^^^^^^^^^^^^^^
  File "/home/smartaccuont/.local/lib/python3.12/site-packages/aiohttp/connector.py", line 657, in connect
    proto = await self._create_connection(req, traces, timeout)
            ^^^^^^^^^^^^^^^^^^^^^^^^^^^^^^^^^^^^^^^^^^^^^^^^^^^
  File "/home/smartaccuont/.local/lib/python3.12/site-packages/aiohttp/connector.py", line 1242, in _create_connection
    _, proto = await self._create_direct_connection(req, traces, timeout)
               ^^^^^^^^^^^^^^^^^^^^^^^^^^^^^^^^^^^^^^^^^^^^^^^^^^^^^^^^^^
  File "/home/smartaccuont/.local/lib/python3.12/site-packages/aiohttp/connector.py", line 1620, in _create_direct_connection
    raise last_exc
  File "/home/smartaccuont/.local/lib/python3.12/site-packages/aiohttp/connector.py", line 1589, in _create_direct_connection
    transp, proto = await self._wrap_create_connection(
                    ^^^^^^^^^^^^^^^^^^^^^^^^^^^^^^^^^^^
  File "/home/smartaccuont/.local/lib/python3.12/site-packages/aiohttp/connector.py", line 1324, in _wrap_create_connection
    raise client_error(req.connection_key, exc) from exc
aiohttp.client_exceptions.ClientConnectorError: Cannot connect to host 127.0.0.1:8000 ssl:default [Connect call failed ('127.0.0.1', 8000)]
2026-06-27 14:54:46,192 INFO [httpx] HTTP Request: POST https://api.telegram.org/bot8623301211:AAFZ77fMxpWXT3qK5Wy28eTtD5xlGFC99ik/editMessageText "HTTP/1.1 200 OK"
2026-06-27 14:54:50,222 INFO [httpx] HTTP Request: POST https://api.telegram.org/bot8623301211:AAFZ77fMxpWXT3qK5Wy28eTtD5xlGFC99ik/deleteMessage "HTTP/1.1 200 OK"
2026-06-27 14:54:50,251 INFO [httpx] HTTP Request: POST https://api.telegram.org/bot8623301211:AAFZ77fMxpWXT3qK5Wy28eTtD5xlGFC99ik/deleteMessage "HTTP/1.1 200 OK"
2026-06-27 14:54:56,009 INFO [httpx] HTTP Request: POST https://api.telegram.org/bot8623301211:AAFZ77fMxpWXT3qK5Wy28eTtD5xlGFC99ik/getUpdates "HTTP/1.1 200 OK"
2026-06-27 14:55:06,020 INFO [httpx] HTTP Request: POST https://api.telegram.org/bot8623301211:AAFZ77fMxpWXT3qK5Wy28eTtD5xlGFC99ik/getUpdates "HTTP/1.1 200 OK"
2026-06-27 14:55:16,030 INFO [httpx] HTTP Request: POST https://api.telegram.org/bot8623301211:AAFZ77fMxpWXT3qK5Wy28eTtD5xlGFC99ik/getUpdates "HTTP/1.1 200 OK"
2026-06-27 14:55:26,040 INFO [httpx] HTTP Request: POST https://api.telegram.org/bot8623301211:AAFZ77fMxpWXT3qK5Wy28eTtD5xlGFC99ik/getUpdates "HTTP/1.1 200 OK"
2026-06-27 14:55:36,051 INFO [httpx] HTTP Request: POST https://api.telegram.org/bot8623301211:AAFZ77fMxpWXT3qK5Wy28eTtD5xlGFC99ik/getUpdates "HTTP/1.1 200 OK"
2026-06-27 14:55:46,061 INFO [httpx] HTTP Request: POST https://api.telegram.org/bot8623301211:AAFZ77fMxpWXT3qK5Wy28eTtD5xlGFC99ik/getUpdates "HTTP/1.1 200 OK"
2026-06-27 14:55:56,070 INFO [httpx] HTTP Request: POST https://api.telegram.org/bot8623301211:AAFZ77fMxpWXT3qK5Wy28eTtD5xlGFC99ik/getUpdates "HTTP/1.1 200 OK"
2026-06-27 14:56:06,080 INFO [httpx] HTTP Request: POST https://api.telegram.org/bot8623301211:AAFZ77fMxpWXT3qK5Wy28eTtD5xlGFC99ik/getUpdates "HTTP/1.1 200 OK"
2026-06-27 14:56:16,091 INFO [httpx] HTTP Request: POST https://api.telegram.org/bot8623301211:AAFZ77fMxpWXT3qK5Wy28eTtD5xlGFC99ik/getUpdates "HTTP/1.1 200 OK"
2026-06-27 14:56:26,101 INFO [httpx] HTTP Request: POST https://api.telegram.org/bot8623301211:AAFZ77fMxpWXT3qK5Wy28eTtD5xlGFC99ik/getUpdates "HTTP/1.1 200 OK"
2026-06-27 14:56:36,111 INFO [httpx] HTTP Request: POST https://api.telegram.org/bot8623301211:AAFZ77fMxpWXT3qK5Wy28eTtD5xlGFC99ik/getUpdates "HTTP/1.1 200 OK"
2026-06-27 14:56:46,121 INFO [httpx] HTTP Request: POST https://api.telegram.org/bot8623301211:AAFZ77fMxpWXT3qK5Wy28eTtD5xlGFC99ik/getUpdates "HTTP/1.1 200 OK"
2026-06-27 14:56:56,133 INFO [httpx] HTTP Request: POST https://api.telegram.org/bot8623301211:AAFZ77fMxpWXT3qK5Wy28eTtD5xlGFC99ik/getUpdates "HTTP/1.1 200 OK"
2026-06-27 14:57:06,143 INFO [httpx] HTTP Request: POST https://api.telegram.org/bot8623301211:AAFZ77fMxpWXT3qK5Wy28eTtD5xlGFC99ik/getUpdates "HTTP/1.1 200 OK"
2026-06-27 14:57:16,152 INFO [httpx] HTTP Request: POST https://api.telegram.org/bot8623301211:AAFZ77fMxpWXT3qK5Wy28eTtD5xlGFC99ik/getUpdates "HTTP/1.1 200 OK"
2026-06-27 14:57:26,162 INFO [httpx] HTTP Request: POST https://api.telegram.org/bot8623301211:AAFZ77fMxpWXT3qK5Wy28eTtD5xlGFC99ik/getUpdates "HTTP/1.1 200 OK"
2026-06-27 14:57:36,172 INFO [httpx] HTTP Request: POST https://api.telegram.org/bot8623301211:AAFZ77fMxpWXT3qK5Wy28eTtD5xlGFC99ik/getUpdates "HTTP/1.1 200 OK"
2026-06-27 14:57:46,182 INFO [httpx] HTTP Request: POST https://api.telegram.org/bot8623301211:AAFZ77fMxpWXT3qK5Wy28eTtD5xlGFC99ik/getUpdates "HTTP/1.1 200 OK"
2026-06-27 14:57:56,190 INFO [httpx] HTTP Request: POST https://api.telegram.org/bot8623301211:AAFZ77fMxpWXT3qK5Wy28eTtD5xlGFC99ik/getUpdates "HTTP/1.1 200 OK"
2026-06-27 14:58:06,200 INFO [httpx] HTTP Request: POST https://api.telegram.org/bot8623301211:AAFZ77fMxpWXT3qK5Wy28eTtD5xlGFC99ik/getUpdates "HTTP/1.1 200 OK"
2026-06-27 14:58:16,209 INFO [httpx] HTTP Request: POST https://api.telegram.org/bot8623301211:AAFZ77fMxpWXT3qK5Wy28eTtD5xlGFC99ik/getUpdates "HTTP/1.1 200 OK"
2026-06-27 14:58:26,218 INFO [httpx] HTTP Request: POST https://api.telegram.org/bot8623301211:AAFZ77fMxpWXT3qK5Wy28eTtD5xlGFC99ik/getUpdates "HTTP/1.1 200 OK"
2026-06-27 14:58:36,228 INFO [httpx] HTTP Request: POST https://api.telegram.org/bot8623301211:AAFZ77fMxpWXT3qK5Wy28eTtD5xlGFC99ik/getUpdates "HTTP/1.1 200 OK"
2026-06-27 14:58:46,237 INFO [httpx] HTTP Request: POST https://api.telegram.org/bot8623301211:AAFZ77fMxpWXT3qK5Wy28eTtD5xlGFC99ik/getUpdates "HTTP/1.1 200 OK"
2026-06-27 14:58:56,247 INFO [httpx] HTTP Request: POST https://api.telegram.org/bot8623301211:AAFZ77fMxpWXT3qK5Wy28eTtD5xlGFC99ik/getUpdates "HTTP/1.1 200 OK"
2026-06-27 14:59:06,258 INFO [httpx] HTTP Request: POST https://api.telegram.org/bot8623301211:AAFZ77fMxpWXT3qK5Wy28eTtD5xlGFC99ik/getUpdates "HTTP/1.1 200 OK"
2026-06-27 14:59:16,268 INFO [httpx] HTTP Request: POST https://api.telegram.org/bot8623301211:AAFZ77fMxpWXT3qK5Wy28eTtD5xlGFC99ik/getUpdates "HTTP/1.1 200 OK"
2026-06-27 14:59:26,279 INFO [httpx] HTTP Request: POST https://api.telegram.org/bot8623301211:AAFZ77fMxpWXT3qK5Wy28eTtD5xlGFC99ik/getUpdates "HTTP/1.1 200 OK"
2026-06-27 14:59:36,290 INFO [httpx] HTTP Request: POST https://api.telegram.org/bot8623301211:AAFZ77fMxpWXT3qK5Wy28eTtD5xlGFC99ik/getUpdates "HTTP/1.1 200 OK"
2026-06-27 14:59:46,299 INFO [httpx] HTTP Request: POST https://api.telegram.org/bot8623301211:AAFZ77fMxpWXT3qK5Wy28eTtD5xlGFC99ik/getUpdates "HTTP/1.1 200 OK"
2026-06-27 14:59:56,309 INFO [httpx] HTTP Request: POST https://api.telegram.org/bot8623301211:AAFZ77fMxpWXT3qK5Wy28eTtD5xlGFC99ik/getUpdates "HTTP/1.1 200 OK"
2026-06-27 15:00:06,320 INFO [httpx] HTTP Request: POST https://api.telegram.org/bot8623301211:AAFZ77fMxpWXT3qK5Wy28eTtD5xlGFC99ik/getUpdates "HTTP/1.1 200 OK"
2026-06-27 15:00:16,329 INFO [httpx] HTTP Request: POST https://api.telegram.org/bot8623301211:AAFZ77fMxpWXT3qK5Wy28eTtD5xlGFC99ik/getUpdates "HTTP/1.1 200 OK"
2026-06-27 15:00:26,338 INFO [httpx] HTTP Request: POST https://api.telegram.org/bot8623301211:AAFZ77fMxpWXT3qK5Wy28eTtD5xlGFC99ik/getUpdates "HTTP/1.1 200 OK"
2026-06-27 15:00:36,348 INFO [httpx] HTTP Request: POST https://api.telegram.org/bot8623301211:AAFZ77fMxpWXT3qK5Wy28eTtD5xlGFC99ik/getUpdates "HTTP/1.1 200 OK"
2026-06-27 15:00:46,357 INFO [httpx] HTTP Request: POST https://api.telegram.org/bot8623301211:AAFZ77fMxpWXT3qK5Wy28eTtD5xlGFC99ik/getUpdates "HTTP/1.1 200 OK"
2026-06-27 15:00:56,367 INFO [httpx] HTTP Request: POST https://api.telegram.org/bot8623301211:AAFZ77fMxpWXT3qK5Wy28eTtD5xlGFC99ik/getUpdates "HTTP/1.1 200 OK"
2026-06-27 15:01:06,376 INFO [httpx] HTTP Request: POST https://api.telegram.org/bot8623301211:AAFZ77fMxpWXT3qK5Wy28eTtD5xlGFC99ik/getUpdates "HTTP/1.1 200 OK"
2026-06-27 15:01:16,388 INFO [httpx] HTTP Request: POST https://api.telegram.org/bot8623301211:AAFZ77fMxpWXT3qK5Wy28eTtD5xlGFC99ik/getUpdates "HTTP/1.1 200 OK"
2026-06-27 15:01:26,399 INFO [httpx] HTTP Request: POST https://api.telegram.org/bot8623301211:AAFZ77fMxpWXT3qK5Wy28eTtD5xlGFC99ik/getUpdates "HTTP/1.1 200 OK"
2026-06-27 15:01:36,410 INFO [httpx] HTTP Request: POST https://api.telegram.org/bot8623301211:AAFZ77fMxpWXT3qK5Wy28eTtD5xlGFC99ik/getUpdates "HTTP/1.1 200 OK"
2026-06-27 15:01:46,420 INFO [httpx] HTTP Request: POST https://api.telegram.org/bot8623301211:AAFZ77fMxpWXT3qK5Wy28eTtD5xlGFC99ik/getUpdates "HTTP/1.1 200 OK"
2026-06-27 15:01:56,430 INFO [httpx] HTTP Request: POST https://api.telegram.org/bot8623301211:AAFZ77fMxpWXT3qK5Wy28eTtD5xlGFC99ik/getUpdates "HTTP/1.1 200 OK"
2026-06-27 15:02:06,441 INFO [httpx] HTTP Request: POST https://api.telegram.org/bot8623301211:AAFZ77fMxpWXT3qK5Wy28eTtD5xlGFC99ik/getUpdates "HTTP/1.1 200 OK"
2026-06-27 15:02:16,449 INFO [httpx] HTTP Request: POST https://api.telegram.org/bot8623301211:AAFZ77fMxpWXT3qK5Wy28eTtD5xlGFC99ik/getUpdates "HTTP/1.1 200 OK"
2026-06-27 15:02:26,459 INFO [httpx] HTTP Request: POST https://api.telegram.org/bot8623301211:AAFZ77fMxpWXT3qK5Wy28eTtD5xlGFC99ik/getUpdates "HTTP/1.1 200 OK"
2026-06-27 15:02:36,468 INFO [httpx] HTTP Request: POST https://api.telegram.org/bot8623301211:AAFZ77fMxpWXT3qK5Wy28eTtD5xlGFC99ik/getUpdates "HTTP/1.1 200 OK"
2026-06-27 15:02:46,477 INFO [httpx] HTTP Request: POST https://api.telegram.org/bot8623301211:AAFZ77fMxpWXT3qK5Wy28eTtD5xlGFC99ik/getUpdates "HTTP/1.1 200 OK"
2026-06-27 15:02:56,487 INFO [httpx] HTTP Request: POST https://api.telegram.org/bot8623301211:AAFZ77fMxpWXT3qK5Wy28eTtD5xlGFC99ik/getUpdates "HTTP/1.1 200 OK"
2026-06-27 15:03:06,497 INFO [httpx] HTTP Request: POST https://api.telegram.org/bot8623301211:AAFZ77fMxpWXT3qK5Wy28eTtD5xlGFC99ik/getUpdates "HTTP/1.1 200 OK"
2026-06-27 15:03:16,508 INFO [httpx] HTTP Request: POST https://api.telegram.org/bot8623301211:AAFZ77fMxpWXT3qK5Wy28eTtD5xlGFC99ik/getUpdates "HTTP/1.1 200 OK"
2026-06-27 15:03:26,517 INFO [httpx] HTTP Request: POST https://api.telegram.org/bot8623301211:AAFZ77fMxpWXT3qK5Wy28eTtD5xlGFC99ik/getUpdates "HTTP/1.1 200 OK"
2026-06-27 15:03:36,527 INFO [httpx] HTTP Request: POST https://api.telegram.org/bot8623301211:AAFZ77fMxpWXT3qK5Wy28eTtD5xlGFC99ik/getUpdates "HTTP/1.1 200 OK"
2026-06-27 15:03:46,537 INFO [httpx] HTTP Request: POST https://api.telegram.org/bot8623301211:AAFZ77fMxpWXT3qK5Wy28eTtD5xlGFC99ik/getUpdates "HTTP/1.1 200 OK"
2026-06-27 15:03:56,547 INFO [httpx] HTTP Request: POST https://api.telegram.org/bot8623301211:AAFZ77fMxpWXT3qK5Wy28eTtD5xlGFC99ik/getUpdates "HTTP/1.1 200 OK"
2026-06-27 15:04:06,556 INFO [httpx] HTTP Request: POST https://api.telegram.org/bot8623301211:AAFZ77fMxpWXT3qK5Wy28eTtD5xlGFC99ik/getUpdates "HTTP/1.1 200 OK"
2026-06-27 15:04:16,566 INFO [httpx] HTTP Request: POST https://api.telegram.org/bot8623301211:AAFZ77fMxpWXT3qK5Wy28eTtD5xlGFC99ik/getUpdates "HTTP/1.1 200 OK"
2026-06-27 15:04:26,575 INFO [httpx] HTTP Request: POST https://api.telegram.org/bot8623301211:AAFZ77fMxpWXT3qK5Wy28eTtD5xlGFC99ik/getUpdates "HTTP/1.1 200 OK"
2026-06-27 15:04:36,584 INFO [httpx] HTTP Request: POST https://api.telegram.org/bot8623301211:AAFZ77fMxpWXT3qK5Wy28eTtD5xlGFC99ik/getUpdates "HTTP/1.1 200 OK"
2026-06-27 15:04:46,594 INFO [httpx] HTTP Request: POST https://api.telegram.org/bot8623301211:AAFZ77fMxpWXT3qK5Wy28eTtD5xlGFC99ik/getUpdates "HTTP/1.1 200 OK"
2026-06-27 15:04:56,602 INFO [httpx] HTTP Request: POST https://api.telegram.org/bot8623301211:AAFZ77fMxpWXT3qK5Wy28eTtD5xlGFC99ik/getUpdates "HTTP/1.1 200 OK"
2026-06-27 15:05:06,612 INFO [httpx] HTTP Request: POST https://api.telegram.org/bot8623301211:AAFZ77fMxpWXT3qK5Wy28eTtD5xlGFC99ik/getUpdates "HTTP/1.1 200 OK"
2026-06-27 15:05:16,623 INFO [httpx] HTTP Request: POST https://api.telegram.org/bot8623301211:AAFZ77fMxpWXT3qK5Wy28eTtD5xlGFC99ik/getUpdates "HTTP/1.1 200 OK"
2026-06-27 15:05:20,656 INFO [httpx] HTTP Request: POST https://api.telegram.org/bot8623301211:AAFZ77fMxpWXT3qK5Wy28eTtD5xlGFC99ik/getUpdates "HTTP/1.1 200 OK"
2026-06-27 15:05:20,765 INFO [httpx] HTTP Request: POST https://api.telegram.org/bot8623301211:AAFZ77fMxpWXT3qK5Wy28eTtD5xlGFC99ik/sendMessage "HTTP/1.1 200 OK"
2026-06-27 15:05:20,767 ERROR [bot] Error in background download task
Traceback (most recent call last):
  File "/home/smartaccuont/.local/lib/python3.12/site-packages/aiohttp/connector.py", line 1301, in _wrap_create_connection
    sock = await aiohappyeyeballs.start_connection(
           ^^^^^^^^^^^^^^^^^^^^^^^^^^^^^^^^^^^^^^^^
  File "/home/smartaccuont/.local/lib/python3.12/site-packages/aiohappyeyeballs/impl.py", line 124, in start_connection
    raise first_exception
  File "/home/smartaccuont/.local/lib/python3.12/site-packages/aiohappyeyeballs/impl.py", line 75, in start_connection
    sock = await _connect_sock(
           ^^^^^^^^^^^^^^^^^^^^
  File "/home/smartaccuont/.local/lib/python3.12/site-packages/aiohappyeyeballs/impl.py", line 210, in _connect_sock
    await loop.sock_connect(sock, address)
  File "/usr/lib/python3.12/asyncio/selector_events.py", line 651, in sock_connect
    return await fut
           ^^^^^^^^^
  File "/usr/lib/python3.12/asyncio/selector_events.py", line 691, in _sock_connect_cb
    raise OSError(err, f'Connect call failed {address}')
ConnectionRefusedError: [Errno 111] Connect call failed ('127.0.0.1', 8000)

The above exception was the direct cause of the following exception:

Traceback (most recent call last):
  File "/home/smartaccuont/smart-creators-bot/bot/telegram_bot.py", line 100, in _run_download
    job_id = await _post_download(session, url, quality)
             ^^^^^^^^^^^^^^^^^^^^^^^^^^^^^^^^^^^^^^^^^^^
  File "/home/smartaccuont/smart-creators-bot/bot/telegram_bot.py", line 75, in _post_download
    async with session.post(endpoint, params={"url": url, "quality": quality}) as resp:
  File "/home/smartaccuont/.local/lib/python3.12/site-packages/aiohttp/client.py", line 1683, in __aenter__
    self._resp: _RetType_co = await self._coro
                              ^^^^^^^^^^^^^^^^
  File "/home/smartaccuont/.local/lib/python3.12/site-packages/aiohttp/client.py", line 856, in _request
    resp = await handler(req)
           ^^^^^^^^^^^^^^^^^^
  File "/home/smartaccuont/.local/lib/python3.12/site-packages/aiohttp/client.py", line 810, in _connect_and_send_request
    conn = await self._connector.connect(
           ^^^^^^^^^^^^^^^^^^^^^^^^^^^^^^
  File "/home/smartaccuont/.local/lib/python3.12/site-packages/aiohttp/connector.py", line 657, in connect
    proto = await self._create_connection(req, traces, timeout)
            ^^^^^^^^^^^^^^^^^^^^^^^^^^^^^^^^^^^^^^^^^^^^^^^^^^^
  File "/home/smartaccuont/.local/lib/python3.12/site-packages/aiohttp/connector.py", line 1242, in _create_connection
    _, proto = await self._create_direct_connection(req, traces, timeout)
               ^^^^^^^^^^^^^^^^^^^^^^^^^^^^^^^^^^^^^^^^^^^^^^^^^^^^^^^^^^
  File "/home/smartaccuont/.local/lib/python3.12/site-packages/aiohttp/connector.py", line 1620, in _create_direct_connection
    raise last_exc
  File "/home/smartaccuont/.local/lib/python3.12/site-packages/aiohttp/connector.py", line 1589, in _create_direct_connection
    transp, proto = await self._wrap_create_connection(
                    ^^^^^^^^^^^^^^^^^^^^^^^^^^^^^^^^^^^
  File "/home/smartaccuont/.local/lib/python3.12/site-packages/aiohttp/connector.py", line 1324, in _wrap_create_connection
    raise client_error(req.connection_key, exc) from exc
aiohttp.client_exceptions.ClientConnectorError: Cannot connect to host 127.0.0.1:8000 ssl:default [Connect call failed ('127.0.0.1', 8000)]
2026-06-27 15:05:20,821 INFO [httpx] HTTP Request: POST https://api.telegram.org/bot8623301211:AAFZ77fMxpWXT3qK5Wy28eTtD5xlGFC99ik/editMessageText "HTTP/1.1 200 OK"
2026-06-27 15:05:24,947 INFO [httpx] HTTP Request: POST https://api.telegram.org/bot8623301211:AAFZ77fMxpWXT3qK5Wy28eTtD5xlGFC99ik/deleteMessage "HTTP/1.1 200 OK"
2026-06-27 15:05:25,000 INFO [httpx] HTTP Request: POST https://api.telegram.org/bot8623301211:AAFZ77fMxpWXT3qK5Wy28eTtD5xlGFC99ik/deleteMessage "HTTP/1.1 200 OK"
2026-06-27 15:05:30,668 INFO [httpx] HTTP Request: POST https://api.telegram.org/bot8623301211:AAFZ77fMxpWXT3qK5Wy28eTtD5xlGFC99ik/getUpdates "HTTP/1.1 200 OK"
2026-06-27 15:05:40,677 INFO [httpx] HTTP Request: POST https://api.telegram.org/bot8623301211:AAFZ77fMxpWXT3qK5Wy28eTtD5xlGFC99ik/getUpdates "HTTP/1.1 200 OK"
2026-06-27 15:05:50,686 INFO [httpx] HTTP Request: POST https://api.telegram.org/bot8623301211:AAFZ77fMxpWXT3qK5Wy28eTtD5xlGFC99ik/getUpdates "HTTP/1.1 200 OK"
2026-06-27 15:06:00,696 INFO [httpx] HTTP Request: POST https://api.telegram.org/bot8623301211:AAFZ77fMxpWXT3qK5Wy28eTtD5xlGFC99ik/getUpdates "HTTP/1.1 200 OK"
2026-06-27 15:06:10,705 INFO [httpx] HTTP Request: POST https://api.telegram.org/bot8623301211:AAFZ77fMxpWXT3qK5Wy28eTtD5xlGFC99ik/getUpdates "HTTP/1.1 200 OK"
2026-06-27 15:06:20,716 INFO [httpx] HTTP Request: POST https://api.telegram.org/bot8623301211:AAFZ77fMxpWXT3qK5Wy28eTtD5xlGFC99ik/getUpdates "HTTP/1.1 200 OK"
2026-06-27 15:06:30,729 INFO [httpx] HTTP Request: POST https://api.telegram.org/bot8623301211:AAFZ77fMxpWXT3qK5Wy28eTtD5xlGFC99ik/getUpdates "HTTP/1.1 200 OK"
2026-06-27 15:06:40,742 INFO [httpx] HTTP Request: POST https://api.telegram.org/bot8623301211:AAFZ77fMxpWXT3qK5Wy28eTtD5xlGFC99ik/getUpdates "HTTP/1.1 200 OK"
2026-06-27 15:06:50,753 INFO [httpx] HTTP Request: POST https://api.telegram.org/bot8623301211:AAFZ77fMxpWXT3qK5Wy28eTtD5xlGFC99ik/getUpdates "HTTP/1.1 200 OK"
2026-06-27 15:07:00,766 INFO [httpx] HTTP Request: POST https://api.telegram.org/bot8623301211:AAFZ77fMxpWXT3qK5Wy28eTtD5xlGFC99ik/getUpdates "HTTP/1.1 200 OK"
2026-06-27 15:07:10,776 INFO [httpx] HTTP Request: POST https://api.telegram.org/bot8623301211:AAFZ77fMxpWXT3qK5Wy28eTtD5xlGFC99ik/getUpdates "HTTP/1.1 200 OK"
2026-06-27 15:07:20,788 INFO [httpx] HTTP Request: POST https://api.telegram.org/bot8623301211:AAFZ77fMxpWXT3qK5Wy28eTtD5xlGFC99ik/getUpdates "HTTP/1.1 200 OK"
2026-06-27 15:07:30,798 INFO [httpx] HTTP Request: POST https://api.telegram.org/bot8623301211:AAFZ77fMxpWXT3qK5Wy28eTtD5xlGFC99ik/getUpdates "HTTP/1.1 200 OK"
2026-06-27 15:07:40,807 INFO [httpx] HTTP Request: POST https://api.telegram.org/bot8623301211:AAFZ77fMxpWXT3qK5Wy28eTtD5xlGFC99ik/getUpdates "HTTP/1.1 200 OK"
2026-06-27 15:07:50,816 INFO [httpx] HTTP Request: POST https://api.telegram.org/bot8623301211:AAFZ77fMxpWXT3qK5Wy28eTtD5xlGFC99ik/getUpdates "HTTP/1.1 200 OK"
2026-06-27 15:08:00,828 INFO [httpx] HTTP Request: POST https://api.telegram.org/bot8623301211:AAFZ77fMxpWXT3qK5Wy28eTtD5xlGFC99ik/getUpdates "HTTP/1.1 200 OK"
2026-06-27 15:08:10,839 INFO [httpx] HTTP Request: POST https://api.telegram.org/bot8623301211:AAFZ77fMxpWXT3qK5Wy28eTtD5xlGFC99ik/getUpdates "HTTP/1.1 200 OK"
2026-06-27 15:08:20,849 INFO [httpx] HTTP Request: POST https://api.telegram.org/bot8623301211:AAFZ77fMxpWXT3qK5Wy28eTtD5xlGFC99ik/getUpdates "HTTP/1.1 200 OK"
2026-06-27 15:08:30,860 INFO [httpx] HTTP Request: POST https://api.telegram.org/bot8623301211:AAFZ77fMxpWXT3qK5Wy28eTtD5xlGFC99ik/getUpdates "HTTP/1.1 200 OK"
2026-06-27 15:08:40,869 INFO [httpx] HTTP Request: POST https://api.telegram.org/bot8623301211:AAFZ77fMxpWXT3qK5Wy28eTtD5xlGFC99ik/getUpdates "HTTP/1.1 200 OK"
2026-06-27 15:08:50,881 INFO [httpx] HTTP Request: POST https://api.telegram.org/bot8623301211:AAFZ77fMxpWXT3qK5Wy28eTtD5xlGFC99ik/getUpdates "HTTP/1.1 200 OK"
2026-06-27 15:09:00,892 INFO [httpx] HTTP Request: POST https://api.telegram.org/bot8623301211:AAFZ77fMxpWXT3qK5Wy28eTtD5xlGFC99ik/getUpdates "HTTP/1.1 200 OK"
2026-06-27 15:09:10,901 INFO [httpx] HTTP Request: POST https://api.telegram.org/bot8623301211:AAFZ77fMxpWXT3qK5Wy28eTtD5xlGFC99ik/getUpdates "HTTP/1.1 200 OK"
2026-06-27 15:09:20,910 INFO [httpx] HTTP Request: POST https://api.telegram.org/bot8623301211:AAFZ77fMxpWXT3qK5Wy28eTtD5xlGFC99ik/getUpdates "HTTP/1.1 200 OK"
2026-06-27 15:09:30,919 INFO [httpx] HTTP Request: POST https://api.telegram.org/bot8623301211:AAFZ77fMxpWXT3qK5Wy28eTtD5xlGFC99ik/getUpdates "HTTP/1.1 200 OK"
2026-06-27 15:09:40,928 INFO [httpx] HTTP Request: POST https://api.telegram.org/bot8623301211:AAFZ77fMxpWXT3qK5Wy28eTtD5xlGFC99ik/getUpdates "HTTP/1.1 200 OK"
2026-06-27 15:09:50,940 INFO [httpx] HTTP Request: POST https://api.telegram.org/bot8623301211:AAFZ77fMxpWXT3qK5Wy28eTtD5xlGFC99ik/getUpdates "HTTP/1.1 200 OK"
2026-06-27 15:10:00,950 INFO [httpx] HTTP Request: POST https://api.telegram.org/bot8623301211:AAFZ77fMxpWXT3qK5Wy28eTtD5xlGFC99ik/getUpdates "HTTP/1.1 200 OK"
2026-06-27 15:10:10,960 INFO [httpx] HTTP Request: POST https://api.telegram.org/bot8623301211:AAFZ77fMxpWXT3qK5Wy28eTtD5xlGFC99ik/getUpdates "HTTP/1.1 200 OK"
2026-06-27 15:10:20,971 INFO [httpx] HTTP Request: POST https://api.telegram.org/bot8623301211:AAFZ77fMxpWXT3qK5Wy28eTtD5xlGFC99ik/getUpdates "HTTP/1.1 200 OK"
2026-06-27 15:10:30,980 INFO [httpx] HTTP Request: POST https://api.telegram.org/bot8623301211:AAFZ77fMxpWXT3qK5Wy28eTtD5xlGFC99ik/getUpdates "HTTP/1.1 200 OK"
2026-06-27 15:10:40,990 INFO [httpx] HTTP Request: POST https://api.telegram.org/bot8623301211:AAFZ77fMxpWXT3qK5Wy28eTtD5xlGFC99ik/getUpdates "HTTP/1.1 200 OK"
2026-06-27 15:10:51,002 INFO [httpx] HTTP Request: POST https://api.telegram.org/bot8623301211:AAFZ77fMxpWXT3qK5Wy28eTtD5xlGFC99ik/getUpdates "HTTP/1.1 200 OK"
2026-06-27 15:11:01,013 INFO [httpx] HTTP Request: POST https://api.telegram.org/bot8623301211:AAFZ77fMxpWXT3qK5Wy28eTtD5xlGFC99ik/getUpdates "HTTP/1.1 200 OK"
2026-06-27 15:11:11,022 INFO [httpx] HTTP Request: POST https://api.telegram.org/bot8623301211:AAFZ77fMxpWXT3qK5Wy28eTtD5xlGFC99ik/getUpdates "HTTP/1.1 200 OK"
2026-06-27 15:11:21,032 INFO [httpx] HTTP Request: POST https://api.telegram.org/bot8623301211:AAFZ77fMxpWXT3qK5Wy28eTtD5xlGFC99ik/getUpdates "HTTP/1.1 200 OK"
2026-06-27 15:11:31,042 INFO [httpx] HTTP Request: POST https://api.telegram.org/bot8623301211:AAFZ77fMxpWXT3qK5Wy28eTtD5xlGFC99ik/getUpdates "HTTP/1.1 200 OK"
2026-06-27 15:11:41,052 INFO [httpx] HTTP Request: POST https://api.telegram.org/bot8623301211:AAFZ77fMxpWXT3qK5Wy28eTtD5xlGFC99ik/getUpdates "HTTP/1.1 200 OK"
2026-06-27 15:11:51,062 INFO [httpx] HTTP Request: POST https://api.telegram.org/bot8623301211:AAFZ77fMxpWXT3qK5Wy28eTtD5xlGFC99ik/getUpdates "HTTP/1.1 200 OK"
2026-06-27 15:12:01,074 INFO [httpx] HTTP Request: POST https://api.telegram.org/bot8623301211:AAFZ77fMxpWXT3qK5Wy28eTtD5xlGFC99ik/getUpdates "HTTP/1.1 200 OK"
2026-06-27 15:12:11,083 INFO [httpx] HTTP Request: POST https://api.telegram.org/bot8623301211:AAFZ77fMxpWXT3qK5Wy28eTtD5xlGFC99ik/getUpdates "HTTP/1.1 200 OK"
2026-06-27 15:12:21,093 INFO [httpx] HTTP Request: POST https://api.telegram.org/bot8623301211:AAFZ77fMxpWXT3qK5Wy28eTtD5xlGFC99ik/getUpdates "HTTP/1.1 200 OK"
2026-06-27 15:12:31,103 INFO [httpx] HTTP Request: POST https://api.telegram.org/bot8623301211:AAFZ77fMxpWXT3qK5Wy28eTtD5xlGFC99ik/getUpdates "HTTP/1.1 200 OK"
2026-06-27 15:12:41,115 INFO [httpx] HTTP Request: POST https://api.telegram.org/bot8623301211:AAFZ77fMxpWXT3qK5Wy28eTtD5xlGFC99ik/getUpdates "HTTP/1.1 200 OK"
2026-06-27 15:12:51,125 INFO [httpx] HTTP Request: POST https://api.telegram.org/bot8623301211:AAFZ77fMxpWXT3qK5Wy28eTtD5xlGFC99ik/getUpdates "HTTP/1.1 200 OK"
2026-06-27 15:13:01,135 INFO [httpx] HTTP Request: POST https://api.telegram.org/bot8623301211:AAFZ77fMxpWXT3qK5Wy28eTtD5xlGFC99ik/getUpdates "HTTP/1.1 200 OK"
2026-06-27 15:13:11,146 INFO [httpx] HTTP Request: POST https://api.telegram.org/bot8623301211:AAFZ77fMxpWXT3qK5Wy28eTtD5xlGFC99ik/getUpdates "HTTP/1.1 200 OK"
2026-06-27 15:13:21,159 INFO [httpx] HTTP Request: POST https://api.telegram.org/bot8623301211:AAFZ77fMxpWXT3qK5Wy28eTtD5xlGFC99ik/getUpdates "HTTP/1.1 200 OK"
2026-06-27 15:13:31,169 INFO [httpx] HTTP Request: POST https://api.telegram.org/bot8623301211:AAFZ77fMxpWXT3qK5Wy28eTtD5xlGFC99ik/getUpdates "HTTP/1.1 200 OK"
2026-06-27 15:13:41,180 INFO [httpx] HTTP Request: POST https://api.telegram.org/bot8623301211:AAFZ77fMxpWXT3qK5Wy28eTtD5xlGFC99ik/getUpdates "HTTP/1.1 200 OK"
2026-06-27 15:13:51,190 INFO [httpx] HTTP Request: POST https://api.telegram.org/bot8623301211:AAFZ77fMxpWXT3qK5Wy28eTtD5xlGFC99ik/getUpdates "HTTP/1.1 200 OK"
2026-06-27 15:14:01,201 INFO [httpx] HTTP Request: POST https://api.telegram.org/bot8623301211:AAFZ77fMxpWXT3qK5Wy28eTtD5xlGFC99ik/getUpdates "HTTP/1.1 200 OK"
2026-06-27 15:14:11,211 INFO [httpx] HTTP Request: POST https://api.telegram.org/bot8623301211:AAFZ77fMxpWXT3qK5Wy28eTtD5xlGFC99ik/getUpdates "HTTP/1.1 200 OK"
2026-06-27 15:14:21,221 INFO [httpx] HTTP Request: POST https://api.telegram.org/bot8623301211:AAFZ77fMxpWXT3qK5Wy28eTtD5xlGFC99ik/getUpdates "HTTP/1.1 200 OK"
2026-06-27 15:14:31,232 INFO [httpx] HTTP Request: POST https://api.telegram.org/bot8623301211:AAFZ77fMxpWXT3qK5Wy28eTtD5xlGFC99ik/getUpdates "HTTP/1.1 200 OK"
2026-06-27 15:14:41,243 INFO [httpx] HTTP Request: POST https://api.telegram.org/bot8623301211:AAFZ77fMxpWXT3qK5Wy28eTtD5xlGFC99ik/getUpdates "HTTP/1.1 200 OK"
2026-06-27 15:14:51,252 INFO [httpx] HTTP Request: POST https://api.telegram.org/bot8623301211:AAFZ77fMxpWXT3qK5Wy28eTtD5xlGFC99ik/getUpdates "HTTP/1.1 200 OK"
2026-06-27 15:15:01,262 INFO [httpx] HTTP Request: POST https://api.telegram.org/bot8623301211:AAFZ77fMxpWXT3qK5Wy28eTtD5xlGFC99ik/getUpdates "HTTP/1.1 200 OK"
2026-06-27 15:15:11,271 INFO [httpx] HTTP Request: POST https://api.telegram.org/bot8623301211:AAFZ77fMxpWXT3qK5Wy28eTtD5xlGFC99ik/getUpdates "HTTP/1.1 200 OK"
2026-06-27 15:15:21,281 INFO [httpx] HTTP Request: POST https://api.telegram.org/bot8623301211:AAFZ77fMxpWXT3qK5Wy28eTtD5xlGFC99ik/getUpdates "HTTP/1.1 200 OK"
2026-06-27 15:15:31,294 INFO [httpx] HTTP Request: POST https://api.telegram.org/bot8623301211:AAFZ77fMxpWXT3qK5Wy28eTtD5xlGFC99ik/getUpdates "HTTP/1.1 200 OK"
2026-06-27 15:15:41,304 INFO [httpx] HTTP Request: POST https://api.telegram.org/bot8623301211:AAFZ77fMxpWXT3qK5Wy28eTtD5xlGFC99ik/getUpdates "HTTP/1.1 200 OK"
2026-06-27 15:15:51,316 INFO [httpx] HTTP Request: POST https://api.telegram.org/bot8623301211:AAFZ77fMxpWXT3qK5Wy28eTtD5xlGFC99ik/getUpdates "HTTP/1.1 200 OK"
2026-06-27 15:16:01,325 INFO [httpx] HTTP Request: POST https://api.telegram.org/bot8623301211:AAFZ77fMxpWXT3qK5Wy28eTtD5xlGFC99ik/getUpdates "HTTP/1.1 200 OK"
2026-06-27 15:16:11,335 INFO [httpx] HTTP Request: POST https://api.telegram.org/bot8623301211:AAFZ77fMxpWXT3qK5Wy28eTtD5xlGFC99ik/getUpdates "HTTP/1.1 200 OK"
2026-06-27 15:16:21,345 INFO [httpx] HTTP Request: POST https://api.telegram.org/bot8623301211:AAFZ77fMxpWXT3qK5Wy28eTtD5xlGFC99ik/getUpdates "HTTP/1.1 200 OK"
2026-06-27 15:16:31,354 INFO [httpx] HTTP Request: POST https://api.telegram.org/bot8623301211:AAFZ77fMxpWXT3qK5Wy28eTtD5xlGFC99ik/getUpdates "HTTP/1.1 200 OK"
2026-06-27 15:16:41,366 INFO [httpx] HTTP Request: POST https://api.telegram.org/bot8623301211:AAFZ77fMxpWXT3qK5Wy28eTtD5xlGFC99ik/getUpdates "HTTP/1.1 200 OK"
2026-06-27 15:16:51,379 INFO [httpx] HTTP Request: POST https://api.telegram.org/bot8623301211:AAFZ77fMxpWXT3qK5Wy28eTtD5xlGFC99ik/getUpdates "HTTP/1.1 200 OK"
2026-06-27 15:17:01,391 INFO [httpx] HTTP Request: POST https://api.telegram.org/bot8623301211:AAFZ77fMxpWXT3qK5Wy28eTtD5xlGFC99ik/getUpdates "HTTP/1.1 200 OK"
2026-06-27 15:17:11,402 INFO [httpx] HTTP Request: POST https://api.telegram.org/bot8623301211:AAFZ77fMxpWXT3qK5Wy28eTtD5xlGFC99ik/getUpdates "HTTP/1.1 200 OK"
2026-06-27 15:17:21,413 INFO [httpx] HTTP Request: POST https://api.telegram.org/bot8623301211:AAFZ77fMxpWXT3qK5Wy28eTtD5xlGFC99ik/getUpdates "HTTP/1.1 200 OK"
2026-06-27 15:17:31,423 INFO [httpx] HTTP Request: POST https://api.telegram.org/bot8623301211:AAFZ77fMxpWXT3qK5Wy28eTtD5xlGFC99ik/getUpdates "HTTP/1.1 200 OK"
2026-06-27 15:17:41,433 INFO [httpx] HTTP Request: POST https://api.telegram.org/bot8623301211:AAFZ77fMxpWXT3qK5Wy28eTtD5xlGFC99ik/getUpdates "HTTP/1.1 200 OK"
2026-06-27 15:17:51,442 INFO [httpx] HTTP Request: POST https://api.telegram.org/bot8623301211:AAFZ77fMxpWXT3qK5Wy28eTtD5xlGFC99ik/getUpdates "HTTP/1.1 200 OK"
2026-06-27 15:18:01,452 INFO [httpx] HTTP Request: POST https://api.telegram.org/bot8623301211:AAFZ77fMxpWXT3qK5Wy28eTtD5xlGFC99ik/getUpdates "HTTP/1.1 200 OK"
2026-06-27 15:18:11,464 INFO [httpx] HTTP Request: POST https://api.telegram.org/bot8623301211:AAFZ77fMxpWXT3qK5Wy28eTtD5xlGFC99ik/getUpdates "HTTP/1.1 200 OK"
2026-06-27 15:18:21,473 INFO [httpx] HTTP Request: POST https://api.telegram.org/bot8623301211:AAFZ77fMxpWXT3qK5Wy28eTtD5xlGFC99ik/getUpdates "HTTP/1.1 200 OK"
2026-06-27 15:18:31,484 INFO [httpx] HTTP Request: POST https://api.telegram.org/bot8623301211:AAFZ77fMxpWXT3qK5Wy28eTtD5xlGFC99ik/getUpdates "HTTP/1.1 200 OK"
2026-06-27 15:18:41,493 INFO [httpx] HTTP Request: POST https://api.telegram.org/bot8623301211:AAFZ77fMxpWXT3qK5Wy28eTtD5xlGFC99ik/getUpdates "HTTP/1.1 200 OK"
2026-06-27 15:18:51,502 INFO [httpx] HTTP Request: POST https://api.telegram.org/bot8623301211:AAFZ77fMxpWXT3qK5Wy28eTtD5xlGFC99ik/getUpdates "HTTP/1.1 200 OK"
2026-06-27 15:19:01,511 INFO [httpx] HTTP Request: POST https://api.telegram.org/bot8623301211:AAFZ77fMxpWXT3qK5Wy28eTtD5xlGFC99ik/getUpdates "HTTP/1.1 200 OK"
2026-06-27 15:19:11,522 INFO [httpx] HTTP Request: POST https://api.telegram.org/bot8623301211:AAFZ77fMxpWXT3qK5Wy28eTtD5xlGFC99ik/getUpdates "HTTP/1.1 200 OK"
2026-06-27 15:19:21,531 INFO [httpx] HTTP Request: POST https://api.telegram.org/bot8623301211:AAFZ77fMxpWXT3qK5Wy28eTtD5xlGFC99ik/getUpdates "HTTP/1.1 200 OK"
2026-06-27 15:19:31,539 INFO [httpx] HTTP Request: POST https://api.telegram.org/bot8623301211:AAFZ77fMxpWXT3qK5Wy28eTtD5xlGFC99ik/getUpdates "HTTP/1.1 200 OK"
2026-06-27 15:19:41,549 INFO [httpx] HTTP Request: POST https://api.telegram.org/bot8623301211:AAFZ77fMxpWXT3qK5Wy28eTtD5xlGFC99ik/getUpdates "HTTP/1.1 200 OK"
2026-06-27 15:19:51,558 INFO [httpx] HTTP Request: POST https://api.telegram.org/bot8623301211:AAFZ77fMxpWXT3qK5Wy28eTtD5xlGFC99ik/getUpdates "HTTP/1.1 200 OK"
2026-06-27 15:20:01,566 INFO [httpx] HTTP Request: POST https://api.telegram.org/bot8623301211:AAFZ77fMxpWXT3qK5Wy28eTtD5xlGFC99ik/getUpdates "HTTP/1.1 200 OK"
2026-06-27 15:20:11,576 INFO [httpx] HTTP Request: POST https://api.telegram.org/bot8623301211:AAFZ77fMxpWXT3qK5Wy28eTtD5xlGFC99ik/getUpdates "HTTP/1.1 200 OK"
2026-06-27 15:20:21,586 INFO [httpx] HTTP Request: POST https://api.telegram.org/bot8623301211:AAFZ77fMxpWXT3qK5Wy28eTtD5xlGFC99ik/getUpdates "HTTP/1.1 200 OK"
2026-06-27 15:20:31,596 INFO [httpx] HTTP Request: POST https://api.telegram.org/bot8623301211:AAFZ77fMxpWXT3qK5Wy28eTtD5xlGFC99ik/getUpdates "HTTP/1.1 200 OK"
2026-06-27 15:20:41,608 INFO [httpx] HTTP Request: POST https://api.telegram.org/bot8623301211:AAFZ77fMxpWXT3qK5Wy28eTtD5xlGFC99ik/getUpdates "HTTP/1.1 200 OK"
2026-06-27 15:20:51,618 INFO [httpx] HTTP Request: POST https://api.telegram.org/bot8623301211:AAFZ77fMxpWXT3qK5Wy28eTtD5xlGFC99ik/getUpdates "HTTP/1.1 200 OK"
2026-06-27 15:21:01,627 INFO [httpx] HTTP Request: POST https://api.telegram.org/bot8623301211:AAFZ77fMxpWXT3qK5Wy28eTtD5xlGFC99ik/getUpdates "HTTP/1.1 200 OK"
2026-06-27 15:21:11,637 INFO [httpx] HTTP Request: POST https://api.telegram.org/bot8623301211:AAFZ77fMxpWXT3qK5Wy28eTtD5xlGFC99ik/getUpdates "HTTP/1.1 200 OK"
2026-06-27 15:21:21,646 INFO [httpx] HTTP Request: POST https://api.telegram.org/bot8623301211:AAFZ77fMxpWXT3qK5Wy28eTtD5xlGFC99ik/getUpdates "HTTP/1.1 200 OK"
2026-06-27 15:21:31,658 INFO [httpx] HTTP Request: POST https://api.telegram.org/bot8623301211:AAFZ77fMxpWXT3qK5Wy28eTtD5xlGFC99ik/getUpdates "HTTP/1.1 200 OK"
2026-06-27 15:21:41,666 INFO [httpx] HTTP Request: POST https://api.telegram.org/bot8623301211:AAFZ77fMxpWXT3qK5Wy28eTtD5xlGFC99ik/getUpdates "HTTP/1.1 200 OK"
2026-06-27 15:21:51,675 INFO [httpx] HTTP Request: POST https://api.telegram.org/bot8623301211:AAFZ77fMxpWXT3qK5Wy28eTtD5xlGFC99ik/getUpdates "HTTP/1.1 200 OK"
2026-06-27 15:22:01,685 INFO [httpx] HTTP Request: POST https://api.telegram.org/bot8623301211:AAFZ77fMxpWXT3qK5Wy28eTtD5xlGFC99ik/getUpdates "HTTP/1.1 200 OK"
2026-06-27 15:22:11,699 INFO [httpx] HTTP Request: POST https://api.telegram.org/bot8623301211:AAFZ77fMxpWXT3qK5Wy28eTtD5xlGFC99ik/getUpdates "HTTP/1.1 200 OK"
2026-06-27 15:22:21,711 INFO [httpx] HTTP Request: POST https://api.telegram.org/bot8623301211:AAFZ77fMxpWXT3qK5Wy28eTtD5xlGFC99ik/getUpdates "HTTP/1.1 200 OK"
2026-06-27 15:22:31,721 INFO [httpx] HTTP Request: POST https://api.telegram.org/bot8623301211:AAFZ77fMxpWXT3qK5Wy28eTtD5xlGFC99ik/getUpdates "HTTP/1.1 200 OK"
2026-06-27 15:22:41,732 INFO [httpx] HTTP Request: POST https://api.telegram.org/bot8623301211:AAFZ77fMxpWXT3qK5Wy28eTtD5xlGFC99ik/getUpdates "HTTP/1.1 200 OK"
2026-06-27 15:22:51,741 INFO [httpx] HTTP Request: POST https://api.telegram.org/bot8623301211:AAFZ77fMxpWXT3qK5Wy28eTtD5xlGFC99ik/getUpdates "HTTP/1.1 200 OK"
2026-06-27 15:23:01,751 INFO [httpx] HTTP Request: POST https://api.telegram.org/bot8623301211:AAFZ77fMxpWXT3qK5Wy28eTtD5xlGFC99ik/getUpdates "HTTP/1.1 200 OK"
2026-06-27 15:23:11,761 INFO [httpx] HTTP Request: POST https://api.telegram.org/bot8623301211:AAFZ77fMxpWXT3qK5Wy28eTtD5xlGFC99ik/getUpdates "HTTP/1.1 200 OK"
2026-06-27 15:23:21,770 INFO [httpx] HTTP Request: POST https://api.telegram.org/bot8623301211:AAFZ77fMxpWXT3qK5Wy28eTtD5xlGFC99ik/getUpdates "HTTP/1.1 200 OK"
2026-06-27 15:23:31,779 INFO [httpx] HTTP Request: POST https://api.telegram.org/bot8623301211:AAFZ77fMxpWXT3qK5Wy28eTtD5xlGFC99ik/getUpdates "HTTP/1.1 200 OK"
2026-06-27 15:23:41,789 INFO [httpx] HTTP Request: POST https://api.telegram.org/bot8623301211:AAFZ77fMxpWXT3qK5Wy28eTtD5xlGFC99ik/getUpdates "HTTP/1.1 200 OK"
2026-06-27 15:23:51,800 INFO [httpx] HTTP Request: POST https://api.telegram.org/bot8623301211:AAFZ77fMxpWXT3qK5Wy28eTtD5xlGFC99ik/getUpdates "HTTP/1.1 200 OK"
2026-06-27 15:24:01,810 INFO [httpx] HTTP Request: POST https://api.telegram.org/bot8623301211:AAFZ77fMxpWXT3qK5Wy28eTtD5xlGFC99ik/getUpdates "HTTP/1.1 200 OK"
2026-06-27 15:24:11,820 INFO [httpx] HTTP Request: POST https://api.telegram.org/bot8623301211:AAFZ77fMxpWXT3qK5Wy28eTtD5xlGFC99ik/getUpdates "HTTP/1.1 200 OK"
2026-06-27 15:24:21,829 INFO [httpx] HTTP Request: POST https://api.telegram.org/bot8623301211:AAFZ77fMxpWXT3qK5Wy28eTtD5xlGFC99ik/getUpdates "HTTP/1.1 200 OK"
2026-06-27 15:24:31,837 INFO [httpx] HTTP Request: POST https://api.telegram.org/bot8623301211:AAFZ77fMxpWXT3qK5Wy28eTtD5xlGFC99ik/getUpdates "HTTP/1.1 200 OK"
2026-06-27 15:24:41,846 INFO [httpx] HTTP Request: POST https://api.telegram.org/bot8623301211:AAFZ77fMxpWXT3qK5Wy28eTtD5xlGFC99ik/getUpdates "HTTP/1.1 200 OK"
2026-06-27 15:24:51,860 INFO [httpx] HTTP Request: POST https://api.telegram.org/bot8623301211:AAFZ77fMxpWXT3qK5Wy28eTtD5xlGFC99ik/getUpdates "HTTP/1.1 200 OK"
2026-06-27 15:25:01,879 INFO [httpx] HTTP Request: POST https://api.telegram.org/bot8623301211:AAFZ77fMxpWXT3qK5Wy28eTtD5xlGFC99ik/getUpdates "HTTP/1.1 200 OK"
2026-06-27 15:25:11,891 INFO [httpx] HTTP Request: POST https://api.telegram.org/bot8623301211:AAFZ77fMxpWXT3qK5Wy28eTtD5xlGFC99ik/getUpdates "HTTP/1.1 200 OK"
2026-06-27 15:25:21,902 INFO [httpx] HTTP Request: POST https://api.telegram.org/bot8623301211:AAFZ77fMxpWXT3qK5Wy28eTtD5xlGFC99ik/getUpdates "HTTP/1.1 200 OK"
2026-06-27 15:25:31,915 INFO [httpx] HTTP Request: POST https://api.telegram.org/bot8623301211:AAFZ77fMxpWXT3qK5Wy28eTtD5xlGFC99ik/getUpdates "HTTP/1.1 200 OK"
2026-06-27 15:25:41,927 INFO [httpx] HTTP Request: POST https://api.telegram.org/bot8623301211:AAFZ77fMxpWXT3qK5Wy28eTtD5xlGFC99ik/getUpdates "HTTP/1.1 200 OK"
2026-06-27 15:25:51,939 INFO [httpx] HTTP Request: POST https://api.telegram.org/bot8623301211:AAFZ77fMxpWXT3qK5Wy28eTtD5xlGFC99ik/getUpdates "HTTP/1.1 200 OK"
2026-06-27 15:26:01,957 INFO [httpx] HTTP Request: POST https://api.telegram.org/bot8623301211:AAFZ77fMxpWXT3qK5Wy28eTtD5xlGFC99ik/getUpdates "HTTP/1.1 200 OK"
2026-06-27 15:26:11,967 INFO [httpx] HTTP Request: POST https://api.telegram.org/bot8623301211:AAFZ77fMxpWXT3qK5Wy28eTtD5xlGFC99ik/getUpdates "HTTP/1.1 200 OK"
2026-06-27 15:26:21,976 INFO [httpx] HTTP Request: POST https://api.telegram.org/bot8623301211:AAFZ77fMxpWXT3qK5Wy28eTtD5xlGFC99ik/getUpdates "HTTP/1.1 200 OK"
2026-06-27 15:26:31,985 INFO [httpx] HTTP Request: POST https://api.telegram.org/bot8623301211:AAFZ77fMxpWXT3qK5Wy28eTtD5xlGFC99ik/getUpdates "HTTP/1.1 200 OK"
2026-06-27 15:26:41,995 INFO [httpx] HTTP Request: POST https://api.telegram.org/bot8623301211:AAFZ77fMxpWXT3qK5Wy28eTtD5xlGFC99ik/getUpdates "HTTP/1.1 200 OK"
2026-06-27 15:26:52,005 INFO [httpx] HTTP Request: POST https://api.telegram.org/bot8623301211:AAFZ77fMxpWXT3qK5Wy28eTtD5xlGFC99ik/getUpdates "HTTP/1.1 200 OK"
2026-06-27 15:27:02,017 INFO [httpx] HTTP Request: POST https://api.telegram.org/bot8623301211:AAFZ77fMxpWXT3qK5Wy28eTtD5xlGFC99ik/getUpdates "HTTP/1.1 200 OK"
2026-06-27 15:27:12,029 INFO [httpx] HTTP Request: POST https://api.telegram.org/bot8623301211:AAFZ77fMxpWXT3qK5Wy28eTtD5xlGFC99ik/getUpdates "HTTP/1.1 200 OK"
2026-06-27 15:27:22,040 INFO [httpx] HTTP Request: POST https://api.telegram.org/bot8623301211:AAFZ77fMxpWXT3qK5Wy28eTtD5xlGFC99ik/getUpdates "HTTP/1.1 200 OK"
2026-06-27 15:27:32,050 INFO [httpx] HTTP Request: POST https://api.telegram.org/bot8623301211:AAFZ77fMxpWXT3qK5Wy28eTtD5xlGFC99ik/getUpdates "HTTP/1.1 200 OK"
2026-06-27 15:27:42,059 INFO [httpx] HTTP Request: POST https://api.telegram.org/bot8623301211:AAFZ77fMxpWXT3qK5Wy28eTtD5xlGFC99ik/getUpdates "HTTP/1.1 200 OK"
2026-06-27 15:27:52,069 INFO [httpx] HTTP Request: POST https://api.telegram.org/bot8623301211:AAFZ77fMxpWXT3qK5Wy28eTtD5xlGFC99ik/getUpdates "HTTP/1.1 200 OK"
2026-06-27 15:28:02,080 INFO [httpx] HTTP Request: POST https://api.telegram.org/bot8623301211:AAFZ77fMxpWXT3qK5Wy28eTtD5xlGFC99ik/getUpdates "HTTP/1.1 200 OK"
2026-06-27 15:28:12,092 INFO [httpx] HTTP Request: POST https://api.telegram.org/bot8623301211:AAFZ77fMxpWXT3qK5Wy28eTtD5xlGFC99ik/getUpdates "HTTP/1.1 200 OK"
2026-06-27 15:28:22,104 INFO [httpx] HTTP Request: POST https://api.telegram.org/bot8623301211:AAFZ77fMxpWXT3qK5Wy28eTtD5xlGFC99ik/getUpdates "HTTP/1.1 200 OK"
2026-06-27 15:28:32,114 INFO [httpx] HTTP Request: POST https://api.telegram.org/bot8623301211:AAFZ77fMxpWXT3qK5Wy28eTtD5xlGFC99ik/getUpdates "HTTP/1.1 200 OK"
2026-06-27 15:28:42,122 INFO [httpx] HTTP Request: POST https://api.telegram.org/bot8623301211:AAFZ77fMxpWXT3qK5Wy28eTtD5xlGFC99ik/getUpdates "HTTP/1.1 200 OK"
2026-06-27 15:28:52,132 INFO [httpx] HTTP Request: POST https://api.telegram.org/bot8623301211:AAFZ77fMxpWXT3qK5Wy28eTtD5xlGFC99ik/getUpdates "HTTP/1.1 200 OK"
2026-06-27 15:29:02,141 INFO [httpx] HTTP Request: POST https://api.telegram.org/bot8623301211:AAFZ77fMxpWXT3qK5Wy28eTtD5xlGFC99ik/getUpdates "HTTP/1.1 200 OK"
2026-06-27 15:29:12,151 INFO [httpx] HTTP Request: POST https://api.telegram.org/bot8623301211:AAFZ77fMxpWXT3qK5Wy28eTtD5xlGFC99ik/getUpdates "HTTP/1.1 200 OK"
2026-06-27 15:29:22,161 INFO [httpx] HTTP Request: POST https://api.telegram.org/bot8623301211:AAFZ77fMxpWXT3qK5Wy28eTtD5xlGFC99ik/getUpdates "HTTP/1.1 200 OK"
2026-06-27 15:29:32,172 INFO [httpx] HTTP Request: POST https://api.telegram.org/bot8623301211:AAFZ77fMxpWXT3qK5Wy28eTtD5xlGFC99ik/getUpdates "HTTP/1.1 200 OK"
2026-06-27 15:29:42,181 INFO [httpx] HTTP Request: POST https://api.telegram.org/bot8623301211:AAFZ77fMxpWXT3qK5Wy28eTtD5xlGFC99ik/getUpdates "HTTP/1.1 200 OK"
2026-06-27 15:29:52,190 INFO [httpx] HTTP Request: POST https://api.telegram.org/bot8623301211:AAFZ77fMxpWXT3qK5Wy28eTtD5xlGFC99ik/getUpdates "HTTP/1.1 200 OK"
2026-06-27 15:30:02,201 INFO [httpx] HTTP Request: POST https://api.telegram.org/bot8623301211:AAFZ77fMxpWXT3qK5Wy28eTtD5xlGFC99ik/getUpdates "HTTP/1.1 200 OK"
2026-06-27 15:30:12,211 INFO [httpx] HTTP Request: POST https://api.telegram.org/bot8623301211:AAFZ77fMxpWXT3qK5Wy28eTtD5xlGFC99ik/getUpdates "HTTP/1.1 200 OK"
2026-06-27 15:30:22,222 INFO [httpx] HTTP Request: POST https://api.telegram.org/bot8623301211:AAFZ77fMxpWXT3qK5Wy28eTtD5xlGFC99ik/getUpdates "HTTP/1.1 200 OK"
2026-06-27 15:30:32,232 INFO [httpx] HTTP Request: POST https://api.telegram.org/bot8623301211:AAFZ77fMxpWXT3qK5Wy28eTtD5xlGFC99ik/getUpdates "HTTP/1.1 200 OK"
2026-06-27 15:30:42,242 INFO [httpx] HTTP Request: POST https://api.telegram.org/bot8623301211:AAFZ77fMxpWXT3qK5Wy28eTtD5xlGFC99ik/getUpdates "HTTP/1.1 200 OK"
2026-06-27 15:30:52,252 INFO [httpx] HTTP Request: POST https://api.telegram.org/bot8623301211:AAFZ77fMxpWXT3qK5Wy28eTtD5xlGFC99ik/getUpdates "HTTP/1.1 200 OK"
2026-06-27 15:31:02,262 INFO [httpx] HTTP Request: POST https://api.telegram.org/bot8623301211:AAFZ77fMxpWXT3qK5Wy28eTtD5xlGFC99ik/getUpdates "HTTP/1.1 200 OK"
2026-06-27 15:31:12,271 INFO [httpx] HTTP Request: POST https://api.telegram.org/bot8623301211:AAFZ77fMxpWXT3qK5Wy28eTtD5xlGFC99ik/getUpdates "HTTP/1.1 200 OK"
2026-06-27 15:31:22,282 INFO [httpx] HTTP Request: POST https://api.telegram.org/bot8623301211:AAFZ77fMxpWXT3qK5Wy28eTtD5xlGFC99ik/getUpdates "HTTP/1.1 200 OK"
2026-06-27 15:31:32,291 INFO [httpx] HTTP Request: POST https://api.telegram.org/bot8623301211:AAFZ77fMxpWXT3qK5Wy28eTtD5xlGFC99ik/getUpdates "HTTP/1.1 200 OK"
2026-06-27 15:31:42,300 INFO [httpx] HTTP Request: POST https://api.telegram.org/bot8623301211:AAFZ77fMxpWXT3qK5Wy28eTtD5xlGFC99ik/getUpdates "HTTP/1.1 200 OK"
2026-06-27 15:31:52,309 INFO [httpx] HTTP Request: POST https://api.telegram.org/bot8623301211:AAFZ77fMxpWXT3qK5Wy28eTtD5xlGFC99ik/getUpdates "HTTP/1.1 200 OK"
2026-06-27 15:32:02,319 INFO [httpx] HTTP Request: POST https://api.telegram.org/bot8623301211:AAFZ77fMxpWXT3qK5Wy28eTtD5xlGFC99ik/getUpdates "HTTP/1.1 200 OK"
2026-06-27 15:32:12,329 INFO [httpx] HTTP Request: POST https://api.telegram.org/bot8623301211:AAFZ77fMxpWXT3qK5Wy28eTtD5xlGFC99ik/getUpdates "HTTP/1.1 200 OK"
2026-06-27 15:32:22,339 INFO [httpx] HTTP Request: POST https://api.telegram.org/bot8623301211:AAFZ77fMxpWXT3qK5Wy28eTtD5xlGFC99ik/getUpdates "HTTP/1.1 200 OK"
2026-06-27 15:32:27,990 INFO [httpx] HTTP Request: POST https://api.telegram.org/bot8623301211:AAFZ77fMxpWXT3qK5Wy28eTtD5xlGFC99ik/getUpdates "HTTP/1.1 409 Conflict"
2026-06-27 15:32:27,993 ERROR [bot] ❌ Exception while handling an update:
Traceback (most recent call last):
  File "/home/smartaccuont/.local/lib/python3.12/site-packages/telegram/ext/_utils/networkloop.py", line 161, in network_retry_loop
    await do_action()
  File "/home/smartaccuont/.local/lib/python3.12/site-packages/telegram/ext/_utils/networkloop.py", line 154, in do_action
    action_cb_task.result()
  File "/home/smartaccuont/.local/lib/python3.12/site-packages/telegram/ext/_updater.py", line 340, in polling_action_cb
    updates = await self.bot.get_updates(
              ^^^^^^^^^^^^^^^^^^^^^^^^^^^
  File "/home/smartaccuont/.local/lib/python3.12/site-packages/telegram/ext/_extbot.py", line 680, in get_updates
    updates = await super().get_updates(
              ^^^^^^^^^^^^^^^^^^^^^^^^^^
  File "/home/smartaccuont/.local/lib/python3.12/site-packages/telegram/_bot.py", line 4767, in get_updates
    await self._post(
  File "/home/smartaccuont/.local/lib/python3.12/site-packages/telegram/_bot.py", line 712, in _post
    return await self._do_post(
           ^^^^^^^^^^^^^^^^^^^^
  File "/home/smartaccuont/.local/lib/python3.12/site-packages/telegram/ext/_extbot.py", line 378, in _do_post
    return await super()._do_post(
           ^^^^^^^^^^^^^^^^^^^^^^^
  File "/home/smartaccuont/.local/lib/python3.12/site-packages/telegram/_bot.py", line 741, in _do_post
    result = await request.post(
             ^^^^^^^^^^^^^^^^^^^
  File "/home/smartaccuont/.local/lib/python3.12/site-packages/telegram/request/_baserequest.py", line 198, in post
    result = await self._request_wrapper(
             ^^^^^^^^^^^^^^^^^^^^^^^^^^^^
  File "/home/smartaccuont/.local/lib/python3.12/site-packages/telegram/request/_baserequest.py", line 375, in _request_wrapper
    raise exception
telegram.error.Conflict: Conflict: terminated by other getUpdates request; make sure that only one bot instance is running
2026-06-27 15:32:33,014 INFO [httpx] HTTP Request: POST https://api.telegram.org/bot8623301211:AAFZ77fMxpWXT3qK5Wy28eTtD5xlGFC99ik/getUpdates "HTTP/1.1 409 Conflict"
2026-06-27 15:32:33,015 ERROR [bot] ❌ Exception while handling an update:
Traceback (most recent call last):
  File "/home/smartaccuont/.local/lib/python3.12/site-packages/telegram/ext/_utils/networkloop.py", line 161, in network_retry_loop
    await do_action()
  File "/home/smartaccuont/.local/lib/python3.12/site-packages/telegram/ext/_utils/networkloop.py", line 154, in do_action
    action_cb_task.result()
  File "/home/smartaccuont/.local/lib/python3.12/site-packages/telegram/ext/_updater.py", line 340, in polling_action_cb
    updates = await self.bot.get_updates(
              ^^^^^^^^^^^^^^^^^^^^^^^^^^^
  File "/home/smartaccuont/.local/lib/python3.12/site-packages/telegram/ext/_extbot.py", line 680, in get_updates
    updates = await super().get_updates(
              ^^^^^^^^^^^^^^^^^^^^^^^^^^
  File "/home/smartaccuont/.local/lib/python3.12/site-packages/telegram/_bot.py", line 4767, in get_updates
    await self._post(
  File "/home/smartaccuont/.local/lib/python3.12/site-packages/telegram/_bot.py", line 712, in _post
    return await self._do_post(
           ^^^^^^^^^^^^^^^^^^^^
  File "/home/smartaccuont/.local/lib/python3.12/site-packages/telegram/ext/_extbot.py", line 378, in _do_post
    return await super()._do_post(
           ^^^^^^^^^^^^^^^^^^^^^^^
  File "/home/smartaccuont/.local/lib/python3.12/site-packages/telegram/_bot.py", line 741, in _do_post
    result = await request.post(
             ^^^^^^^^^^^^^^^^^^^
  File "/home/smartaccuont/.local/lib/python3.12/site-packages/telegram/request/_baserequest.py", line 198, in post
    result = await self._request_wrapper(
             ^^^^^^^^^^^^^^^^^^^^^^^^^^^^
  File "/home/smartaccuont/.local/lib/python3.12/site-packages/telegram/request/_baserequest.py", line 375, in _request_wrapper
    raise exception
telegram.error.Conflict: Conflict: terminated by other getUpdates request; make sure that only one bot instance is running
2026-06-27 15:32:39,039 INFO [httpx] HTTP Request: POST https://api.telegram.org/bot8623301211:AAFZ77fMxpWXT3qK5Wy28eTtD5xlGFC99ik/getUpdates "HTTP/1.1 409 Conflict"
2026-06-27 15:32:39,040 ERROR [bot] ❌ Exception while handling an update:
Traceback (most recent call last):
  File "/home/smartaccuont/.local/lib/python3.12/site-packages/telegram/ext/_utils/networkloop.py", line 161, in network_retry_loop
    await do_action()
  File "/home/smartaccuont/.local/lib/python3.12/site-packages/telegram/ext/_utils/networkloop.py", line 154, in do_action
    action_cb_task.result()
  File "/home/smartaccuont/.local/lib/python3.12/site-packages/telegram/ext/_updater.py", line 340, in polling_action_cb
    updates = await self.bot.get_updates(
              ^^^^^^^^^^^^^^^^^^^^^^^^^^^
  File "/home/smartaccuont/.local/lib/python3.12/site-packages/telegram/ext/_extbot.py", line 680, in get_updates
    updates = await super().get_updates(
              ^^^^^^^^^^^^^^^^^^^^^^^^^^
  File "/home/smartaccuont/.local/lib/python3.12/site-packages/telegram/_bot.py", line 4767, in get_updates
    await self._post(
  File "/home/smartaccuont/.local/lib/python3.12/site-packages/telegram/_bot.py", line 712, in _post
    return await self._do_post(
           ^^^^^^^^^^^^^^^^^^^^
  File "/home/smartaccuont/.local/lib/python3.12/site-packages/telegram/ext/_extbot.py", line 378, in _do_post
    return await super()._do_post(
           ^^^^^^^^^^^^^^^^^^^^^^^
  File "/home/smartaccuont/.local/lib/python3.12/site-packages/telegram/_bot.py", line 741, in _do_post
    result = await request.post(
             ^^^^^^^^^^^^^^^^^^^
  File "/home/smartaccuont/.local/lib/python3.12/site-packages/telegram/request/_baserequest.py", line 198, in post
    result = await self._request_wrapper(
             ^^^^^^^^^^^^^^^^^^^^^^^^^^^^
  File "/home/smartaccuont/.local/lib/python3.12/site-packages/telegram/request/_baserequest.py", line 375, in _request_wrapper
    raise exception
telegram.error.Conflict: Conflict: terminated by other getUpdates request; make sure that only one bot instance is running
2026-06-27 15:32:51,303 INFO [httpx] HTTP Request: POST https://api.telegram.org/bot8623301211:AAFZ77fMxpWXT3qK5Wy28eTtD5xlGFC99ik/getUpdates "HTTP/1.1 200 OK"
2026-06-27 15:33:01,312 INFO [httpx] HTTP Request: POST https://api.telegram.org/bot8623301211:AAFZ77fMxpWXT3qK5Wy28eTtD5xlGFC99ik/getUpdates "HTTP/1.1 200 OK"
2026-06-27 15:33:11,321 INFO [httpx] HTTP Request: POST https://api.telegram.org/bot8623301211:AAFZ77fMxpWXT3qK5Wy28eTtD5xlGFC99ik/getUpdates "HTTP/1.1 200 OK"
2026-06-27 15:33:18,030 INFO [httpx] HTTP Request: POST https://api.telegram.org/bot8623301211:AAFZ77fMxpWXT3qK5Wy28eTtD5xlGFC99ik/getUpdates "HTTP/1.1 200 OK"
2026-06-27 15:33:18,031 INFO [telegram.ext.Application] Application is stopping. This might take a moment.
2026-06-27 15:33:18,032 INFO [telegram.ext.Application] Application.stop() complete
