nohup: ignoring input
INFO:     Started server process [4706]
INFO:     Waiting for application startup.
2026-06-27 13:41:08,066 WARNING [cache] ⚠️  Redis unavailable (Error Multiple exceptions: [Errno 111] Connection refused, [Errno 99] Cannot assign requested address connecting to localhost:6379.) – using in-memory cache
INFO:     Application startup complete.
INFO:     Uvicorn running on http://0.0.0.0:8080 (Press CTRL+C to quit)
2026-06-27 13:41:10,821 INFO [bot] 🤖 Bot polling started | Full Parallel & RegEx Cleaning Mode ON
2026-06-27 13:41:10,861 INFO [httpx] HTTP Request: POST https://api.telegram.org/bot8623301211:AAFZ77fMxpWXT3qK5Wy28eTtD5xlGFC99ik/getMe "HTTP/1.1 200 OK"
2026-06-27 13:41:10,870 INFO [httpx] HTTP Request: POST https://api.telegram.org/bot8623301211:AAFZ77fMxpWXT3qK5Wy28eTtD5xlGFC99ik/deleteWebhook "HTTP/1.1 200 OK"
2026-06-27 13:41:10,871 INFO [telegram.ext.Application] Application started
2026-06-27 13:41:19,754 INFO [httpx] HTTP Request: POST https://api.telegram.org/bot8623301211:AAFZ77fMxpWXT3qK5Wy28eTtD5xlGFC99ik/getUpdates "HTTP/1.1 200 OK"
2026-06-27 13:41:19,856 INFO [httpx] HTTP Request: POST https://api.telegram.org/bot8623301211:AAFZ77fMxpWXT3qK5Wy28eTtD5xlGFC99ik/sendMessage "HTTP/1.1 200 OK"
INFO:     127.0.0.1:51926 - "POST /download?url=https://v.douyin.com/mJoKrbS8KBQ&quality=best HTTP/1.1" 200 OK
2026-06-27 13:41:19,866 ERROR [api] Job 5ce8c6f2-389e-4b91-b0b0-06f0c18518f1 failed
Traceback (most recent call last):
  File "/home/smartaccuont/smart-creators-bot/api/server.py", line 73, in _run_download_job
    path = await download_video(url, quality=quality, cache=_cache, on_progress=on_progress)
           ^^^^^^^^^^^^^^^^^^^^^^^^^^^^^^^^^^^^^^^^^^^^^^^^^^^^^^^^^^^^^^^^^^^^^^^^^^^^^^^^^
  File "/home/smartaccuont/smart-creators-bot/core/worker.py", line 154, in download_video
    returncode, output_lines = await asyncio.to_thread(run_ytdlp_sync)
                               ^^^^^^^^^^^^^^^^^^^^^^^^^^^^^^^^^^^^^^^
  File "/usr/lib/python3.12/asyncio/threads.py", line 25, in to_thread
    return await loop.run_in_executor(None, func_call)
           ^^^^^^^^^^^^^^^^^^^^^^^^^^^^^^^^^^^^^^^^^^^
  File "/usr/lib/python3.12/concurrent/futures/thread.py", line 58, in run
    result = self.fn(*self.args, **self.kwargs)
             ^^^^^^^^^^^^^^^^^^^^^^^^^^^^^^^^^^
  File "/home/smartaccuont/smart-creators-bot/core/worker.py", line 116, in run_ytdlp_sync
    proc = subprocess.Popen(
           ^^^^^^^^^^^^^^^^^
  File "/usr/lib/python3.12/subprocess.py", line 1026, in __init__
    self._execute_child(args, executable, preexec_fn, close_fds,
  File "/usr/lib/python3.12/subprocess.py", line 1955, in _execute_child
    raise child_exception_type(errno_num, err_msg, err_filename)
FileNotFoundError: [Errno 2] No such file or directory: 'yt-dlp'
2026-06-27 13:41:19,913 INFO [httpx] HTTP Request: POST https://api.telegram.org/bot8623301211:AAFZ77fMxpWXT3qK5Wy28eTtD5xlGFC99ik/editMessageText "HTTP/1.1 200 OK"
INFO:     127.0.0.1:51926 - "GET /result/5ce8c6f2-389e-4b91-b0b0-06f0c18518f1 HTTP/1.1" 200 OK
2026-06-27 13:41:19,976 INFO [httpx] HTTP Request: POST https://api.telegram.org/bot8623301211:AAFZ77fMxpWXT3qK5Wy28eTtD5xlGFC99ik/editMessageText "HTTP/1.1 200 OK"
2026-06-27 13:41:24,034 INFO [httpx] HTTP Request: POST https://api.telegram.org/bot8623301211:AAFZ77fMxpWXT3qK5Wy28eTtD5xlGFC99ik/deleteMessage "HTTP/1.1 200 OK"
2026-06-27 13:41:24,075 INFO [httpx] HTTP Request: POST https://api.telegram.org/bot8623301211:AAFZ77fMxpWXT3qK5Wy28eTtD5xlGFC99ik/deleteMessage "HTTP/1.1 200 OK"
2026-06-27 13:41:29,775 INFO [httpx] HTTP Request: POST https://api.telegram.org/bot8623301211:AAFZ77fMxpWXT3qK5Wy28eTtD5xlGFC99ik/getUpdates "HTTP/1.1 200 OK"
2026-06-27 13:41:39,790 INFO [httpx] HTTP Request: POST https://api.telegram.org/bot8623301211:AAFZ77fMxpWXT3qK5Wy28eTtD5xlGFC99ik/getUpdates "HTTP/1.1 200 OK"
2026-06-27 13:41:49,802 INFO [httpx] HTTP Request: POST https://api.telegram.org/bot8623301211:AAFZ77fMxpWXT3qK5Wy28eTtD5xlGFC99ik/getUpdates "HTTP/1.1 200 OK"
2026-06-27 13:41:59,820 INFO [httpx] HTTP Request: POST https://api.telegram.org/bot8623301211:AAFZ77fMxpWXT3qK5Wy28eTtD5xlGFC99ik/getUpdates "HTTP/1.1 200 OK"
2026-06-27 13:42:09,831 INFO [httpx] HTTP Request: POST https://api.telegram.org/bot8623301211:AAFZ77fMxpWXT3qK5Wy28eTtD5xlGFC99ik/getUpdates "HTTP/1.1 200 OK"
2026-06-27 13:42:19,847 INFO [httpx] HTTP Request: POST https://api.telegram.org/bot8623301211:AAFZ77fMxpWXT3qK5Wy28eTtD5xlGFC99ik/getUpdates "HTTP/1.1 200 OK"
2026-06-27 13:42:29,860 INFO [httpx] HTTP Request: POST https://api.telegram.org/bot8623301211:AAFZ77fMxpWXT3qK5Wy28eTtD5xlGFC99ik/getUpdates "HTTP/1.1 200 OK"
2026-06-27 13:42:39,869 INFO [httpx] HTTP Request: POST https://api.telegram.org/bot8623301211:AAFZ77fMxpWXT3qK5Wy28eTtD5xlGFC99ik/getUpdates "HTTP/1.1 200 OK"
2026-06-27 13:42:49,881 INFO [httpx] HTTP Request: POST https://api.telegram.org/bot8623301211:AAFZ77fMxpWXT3qK5Wy28eTtD5xlGFC99ik/getUpdates "HTTP/1.1 200 OK"
2026-06-27 13:42:59,894 INFO [httpx] HTTP Request: POST https://api.telegram.org/bot8623301211:AAFZ77fMxpWXT3qK5Wy28eTtD5xlGFC99ik/getUpdates "HTTP/1.1 200 OK"
2026-06-27 13:43:09,907 INFO [httpx] HTTP Request: POST https://api.telegram.org/bot8623301211:AAFZ77fMxpWXT3qK5Wy28eTtD5xlGFC99ik/getUpdates "HTTP/1.1 200 OK"
2026-06-27 13:43:19,918 INFO [httpx] HTTP Request: POST https://api.telegram.org/bot8623301211:AAFZ77fMxpWXT3qK5Wy28eTtD5xlGFC99ik/getUpdates "HTTP/1.1 200 OK"
2026-06-27 13:43:29,928 INFO [httpx] HTTP Request: POST https://api.telegram.org/bot8623301211:AAFZ77fMxpWXT3qK5Wy28eTtD5xlGFC99ik/getUpdates "HTTP/1.1 200 OK"
2026-06-27 13:43:39,939 INFO [httpx] HTTP Request: POST https://api.telegram.org/bot8623301211:AAFZ77fMxpWXT3qK5Wy28eTtD5xlGFC99ik/getUpdates "HTTP/1.1 200 OK"
2026-06-27 13:43:49,958 INFO [httpx] HTTP Request: POST https://api.telegram.org/bot8623301211:AAFZ77fMxpWXT3qK5Wy28eTtD5xlGFC99ik/getUpdates "HTTP/1.1 200 OK"
2026-06-27 13:43:59,976 INFO [httpx] HTTP Request: POST https://api.telegram.org/bot8623301211:AAFZ77fMxpWXT3qK5Wy28eTtD5xlGFC99ik/getUpdates "HTTP/1.1 200 OK"
2026-06-27 13:44:09,989 INFO [httpx] HTTP Request: POST https://api.telegram.org/bot8623301211:AAFZ77fMxpWXT3qK5Wy28eTtD5xlGFC99ik/getUpdates "HTTP/1.1 200 OK"
2026-06-27 13:44:20,004 INFO [httpx] HTTP Request: POST https://api.telegram.org/bot8623301211:AAFZ77fMxpWXT3qK5Wy28eTtD5xlGFC99ik/getUpdates "HTTP/1.1 200 OK"
2026-06-27 13:44:30,021 INFO [httpx] HTTP Request: POST https://api.telegram.org/bot8623301211:AAFZ77fMxpWXT3qK5Wy28eTtD5xlGFC99ik/getUpdates "HTTP/1.1 200 OK"
2026-06-27 13:44:40,034 INFO [httpx] HTTP Request: POST https://api.telegram.org/bot8623301211:AAFZ77fMxpWXT3qK5Wy28eTtD5xlGFC99ik/getUpdates "HTTP/1.1 200 OK"
2026-06-27 13:44:50,045 INFO [httpx] HTTP Request: POST https://api.telegram.org/bot8623301211:AAFZ77fMxpWXT3qK5Wy28eTtD5xlGFC99ik/getUpdates "HTTP/1.1 200 OK"
2026-06-27 13:45:00,060 INFO [httpx] HTTP Request: POST https://api.telegram.org/bot8623301211:AAFZ77fMxpWXT3qK5Wy28eTtD5xlGFC99ik/getUpdates "HTTP/1.1 200 OK"
2026-06-27 13:45:10,072 INFO [httpx] HTTP Request: POST https://api.telegram.org/bot8623301211:AAFZ77fMxpWXT3qK5Wy28eTtD5xlGFC99ik/getUpdates "HTTP/1.1 200 OK"
2026-06-27 13:45:20,086 INFO [httpx] HTTP Request: POST https://api.telegram.org/bot8623301211:AAFZ77fMxpWXT3qK5Wy28eTtD5xlGFC99ik/getUpdates "HTTP/1.1 200 OK"
2026-06-27 13:45:30,103 INFO [httpx] HTTP Request: POST https://api.telegram.org/bot8623301211:AAFZ77fMxpWXT3qK5Wy28eTtD5xlGFC99ik/getUpdates "HTTP/1.1 200 OK"
2026-06-27 13:45:40,116 INFO [httpx] HTTP Request: POST https://api.telegram.org/bot8623301211:AAFZ77fMxpWXT3qK5Wy28eTtD5xlGFC99ik/getUpdates "HTTP/1.1 200 OK"
2026-06-27 13:45:50,129 INFO [httpx] HTTP Request: POST https://api.telegram.org/bot8623301211:AAFZ77fMxpWXT3qK5Wy28eTtD5xlGFC99ik/getUpdates "HTTP/1.1 200 OK"
2026-06-27 13:46:00,142 INFO [httpx] HTTP Request: POST https://api.telegram.org/bot8623301211:AAFZ77fMxpWXT3qK5Wy28eTtD5xlGFC99ik/getUpdates "HTTP/1.1 200 OK"
2026-06-27 13:46:10,163 INFO [httpx] HTTP Request: POST https://api.telegram.org/bot8623301211:AAFZ77fMxpWXT3qK5Wy28eTtD5xlGFC99ik/getUpdates "HTTP/1.1 200 OK"
2026-06-27 13:46:20,177 INFO [httpx] HTTP Request: POST https://api.telegram.org/bot8623301211:AAFZ77fMxpWXT3qK5Wy28eTtD5xlGFC99ik/getUpdates "HTTP/1.1 200 OK"
2026-06-27 13:46:30,229 INFO [httpx] HTTP Request: POST https://api.telegram.org/bot8623301211:AAFZ77fMxpWXT3qK5Wy28eTtD5xlGFC99ik/getUpdates "HTTP/1.1 200 OK"
2026-06-27 13:46:40,253 INFO [httpx] HTTP Request: POST https://api.telegram.org/bot8623301211:AAFZ77fMxpWXT3qK5Wy28eTtD5xlGFC99ik/getUpdates "HTTP/1.1 200 OK"
2026-06-27 13:46:50,268 INFO [httpx] HTTP Request: POST https://api.telegram.org/bot8623301211:AAFZ77fMxpWXT3qK5Wy28eTtD5xlGFC99ik/getUpdates "HTTP/1.1 200 OK"
2026-06-27 13:47:00,285 INFO [httpx] HTTP Request: POST https://api.telegram.org/bot8623301211:AAFZ77fMxpWXT3qK5Wy28eTtD5xlGFC99ik/getUpdates "HTTP/1.1 200 OK"
2026-06-27 13:47:10,299 INFO [httpx] HTTP Request: POST https://api.telegram.org/bot8623301211:AAFZ77fMxpWXT3qK5Wy28eTtD5xlGFC99ik/getUpdates "HTTP/1.1 200 OK"
2026-06-27 13:47:20,322 INFO [httpx] HTTP Request: POST https://api.telegram.org/bot8623301211:AAFZ77fMxpWXT3qK5Wy28eTtD5xlGFC99ik/getUpdates "HTTP/1.1 200 OK"
2026-06-27 13:47:30,333 INFO [httpx] HTTP Request: POST https://api.telegram.org/bot8623301211:AAFZ77fMxpWXT3qK5Wy28eTtD5xlGFC99ik/getUpdates "HTTP/1.1 200 OK"
2026-06-27 13:47:40,344 INFO [httpx] HTTP Request: POST https://api.telegram.org/bot8623301211:AAFZ77fMxpWXT3qK5Wy28eTtD5xlGFC99ik/getUpdates "HTTP/1.1 200 OK"
2026-06-27 13:47:50,354 INFO [httpx] HTTP Request: POST https://api.telegram.org/bot8623301211:AAFZ77fMxpWXT3qK5Wy28eTtD5xlGFC99ik/getUpdates "HTTP/1.1 200 OK"
2026-06-27 13:48:00,365 INFO [httpx] HTTP Request: POST https://api.telegram.org/bot8623301211:AAFZ77fMxpWXT3qK5Wy28eTtD5xlGFC99ik/getUpdates "HTTP/1.1 200 OK"
2026-06-27 13:48:10,380 INFO [httpx] HTTP Request: POST https://api.telegram.org/bot8623301211:AAFZ77fMxpWXT3qK5Wy28eTtD5xlGFC99ik/getUpdates "HTTP/1.1 200 OK"
2026-06-27 13:48:20,390 INFO [httpx] HTTP Request: POST https://api.telegram.org/bot8623301211:AAFZ77fMxpWXT3qK5Wy28eTtD5xlGFC99ik/getUpdates "HTTP/1.1 200 OK"
2026-06-27 13:48:30,399 INFO [httpx] HTTP Request: POST https://api.telegram.org/bot8623301211:AAFZ77fMxpWXT3qK5Wy28eTtD5xlGFC99ik/getUpdates "HTTP/1.1 200 OK"
2026-06-27 13:48:40,409 INFO [httpx] HTTP Request: POST https://api.telegram.org/bot8623301211:AAFZ77fMxpWXT3qK5Wy28eTtD5xlGFC99ik/getUpdates "HTTP/1.1 200 OK"
2026-06-27 13:48:50,419 INFO [httpx] HTTP Request: POST https://api.telegram.org/bot8623301211:AAFZ77fMxpWXT3qK5Wy28eTtD5xlGFC99ik/getUpdates "HTTP/1.1 200 OK"
INFO:     127.0.0.1:35586 - "GET / HTTP/1.1" 200 OK
INFO:     127.0.0.1:35586 - "GET /favicon.ico HTTP/1.1" 404 Not Found
2026-06-27 13:49:00,431 INFO [httpx] HTTP Request: POST https://api.telegram.org/bot8623301211:AAFZ77fMxpWXT3qK5Wy28eTtD5xlGFC99ik/getUpdates "HTTP/1.1 200 OK"
2026-06-27 13:49:10,449 INFO [httpx] HTTP Request: POST https://api.telegram.org/bot8623301211:AAFZ77fMxpWXT3qK5Wy28eTtD5xlGFC99ik/getUpdates "HTTP/1.1 200 OK"
2026-06-27 13:49:20,467 INFO [httpx] HTTP Request: POST https://api.telegram.org/bot8623301211:AAFZ77fMxpWXT3qK5Wy28eTtD5xlGFC99ik/getUpdates "HTTP/1.1 200 OK"
2026-06-27 13:49:30,479 INFO [httpx] HTTP Request: POST https://api.telegram.org/bot8623301211:AAFZ77fMxpWXT3qK5Wy28eTtD5xlGFC99ik/getUpdates "HTTP/1.1 200 OK"
2026-06-27 13:49:40,490 INFO [httpx] HTTP Request: POST https://api.telegram.org/bot8623301211:AAFZ77fMxpWXT3qK5Wy28eTtD5xlGFC99ik/getUpdates "HTTP/1.1 200 OK"
2026-06-27 13:49:50,500 INFO [httpx] HTTP Request: POST https://api.telegram.org/bot8623301211:AAFZ77fMxpWXT3qK5Wy28eTtD5xlGFC99ik/getUpdates "HTTP/1.1 200 OK"
2026-06-27 13:50:00,515 INFO [httpx] HTTP Request: POST https://api.telegram.org/bot8623301211:AAFZ77fMxpWXT3qK5Wy28eTtD5xlGFC99ik/getUpdates "HTTP/1.1 200 OK"
2026-06-27 13:50:10,550 INFO [httpx] HTTP Request: POST https://api.telegram.org/bot8623301211:AAFZ77fMxpWXT3qK5Wy28eTtD5xlGFC99ik/getUpdates "HTTP/1.1 200 OK"
2026-06-27 13:50:20,565 INFO [httpx] HTTP Request: POST https://api.telegram.org/bot8623301211:AAFZ77fMxpWXT3qK5Wy28eTtD5xlGFC99ik/getUpdates "HTTP/1.1 200 OK"
2026-06-27 13:50:30,586 INFO [httpx] HTTP Request: POST https://api.telegram.org/bot8623301211:AAFZ77fMxpWXT3qK5Wy28eTtD5xlGFC99ik/getUpdates "HTTP/1.1 200 OK"
2026-06-27 13:50:40,596 INFO [httpx] HTTP Request: POST https://api.telegram.org/bot8623301211:AAFZ77fMxpWXT3qK5Wy28eTtD5xlGFC99ik/getUpdates "HTTP/1.1 200 OK"
2026-06-27 13:50:50,612 INFO [httpx] HTTP Request: POST https://api.telegram.org/bot8623301211:AAFZ77fMxpWXT3qK5Wy28eTtD5xlGFC99ik/getUpdates "HTTP/1.1 200 OK"
2026-06-27 13:51:00,627 INFO [httpx] HTTP Request: POST https://api.telegram.org/bot8623301211:AAFZ77fMxpWXT3qK5Wy28eTtD5xlGFC99ik/getUpdates "HTTP/1.1 200 OK"
2026-06-27 13:51:10,638 INFO [httpx] HTTP Request: POST https://api.telegram.org/bot8623301211:AAFZ77fMxpWXT3qK5Wy28eTtD5xlGFC99ik/getUpdates "HTTP/1.1 200 OK"
2026-06-27 13:51:20,650 INFO [httpx] HTTP Request: POST https://api.telegram.org/bot8623301211:AAFZ77fMxpWXT3qK5Wy28eTtD5xlGFC99ik/getUpdates "HTTP/1.1 200 OK"
2026-06-27 13:51:30,660 INFO [httpx] HTTP Request: POST https://api.telegram.org/bot8623301211:AAFZ77fMxpWXT3qK5Wy28eTtD5xlGFC99ik/getUpdates "HTTP/1.1 200 OK"
INFO:     127.0.0.1:39796 - "GET /?authuser=5 HTTP/1.1" 200 OK
2026-06-27 13:51:40,678 INFO [httpx] HTTP Request: POST https://api.telegram.org/bot8623301211:AAFZ77fMxpWXT3qK5Wy28eTtD5xlGFC99ik/getUpdates "HTTP/1.1 200 OK"
2026-06-27 13:51:50,695 INFO [httpx] HTTP Request: POST https://api.telegram.org/bot8623301211:AAFZ77fMxpWXT3qK5Wy28eTtD5xlGFC99ik/getUpdates "HTTP/1.1 200 OK"
2026-06-27 13:52:00,705 INFO [httpx] HTTP Request: POST https://api.telegram.org/bot8623301211:AAFZ77fMxpWXT3qK5Wy28eTtD5xlGFC99ik/getUpdates "HTTP/1.1 200 OK"
2026-06-27 13:52:10,715 INFO [httpx] HTTP Request: POST https://api.telegram.org/bot8623301211:AAFZ77fMxpWXT3qK5Wy28eTtD5xlGFC99ik/getUpdates "HTTP/1.1 200 OK"
2026-06-27 13:52:20,729 INFO [httpx] HTTP Request: POST https://api.telegram.org/bot8623301211:AAFZ77fMxpWXT3qK5Wy28eTtD5xlGFC99ik/getUpdates "HTTP/1.1 200 OK"
2026-06-27 13:52:30,748 INFO [httpx] HTTP Request: POST https://api.telegram.org/bot8623301211:AAFZ77fMxpWXT3qK5Wy28eTtD5xlGFC99ik/getUpdates "HTTP/1.1 200 OK"
2026-06-27 13:52:40,763 INFO [httpx] HTTP Request: POST https://api.telegram.org/bot8623301211:AAFZ77fMxpWXT3qK5Wy28eTtD5xlGFC99ik/getUpdates "HTTP/1.1 200 OK"
2026-06-27 13:52:50,780 INFO [httpx] HTTP Request: POST https://api.telegram.org/bot8623301211:AAFZ77fMxpWXT3qK5Wy28eTtD5xlGFC99ik/getUpdates "HTTP/1.1 200 OK"
2026-06-27 13:53:00,794 INFO [httpx] HTTP Request: POST https://api.telegram.org/bot8623301211:AAFZ77fMxpWXT3qK5Wy28eTtD5xlGFC99ik/getUpdates "HTTP/1.1 200 OK"
2026-06-27 13:53:10,812 INFO [httpx] HTTP Request: POST https://api.telegram.org/bot8623301211:AAFZ77fMxpWXT3qK5Wy28eTtD5xlGFC99ik/getUpdates "HTTP/1.1 200 OK"
2026-06-27 13:53:20,826 INFO [httpx] HTTP Request: POST https://api.telegram.org/bot8623301211:AAFZ77fMxpWXT3qK5Wy28eTtD5xlGFC99ik/getUpdates "HTTP/1.1 200 OK"
2026-06-27 13:53:30,842 INFO [httpx] HTTP Request: POST https://api.telegram.org/bot8623301211:AAFZ77fMxpWXT3qK5Wy28eTtD5xlGFC99ik/getUpdates "HTTP/1.1 200 OK"
2026-06-27 13:53:40,858 INFO [httpx] HTTP Request: POST https://api.telegram.org/bot8623301211:AAFZ77fMxpWXT3qK5Wy28eTtD5xlGFC99ik/getUpdates "HTTP/1.1 200 OK"
2026-06-27 13:53:50,871 INFO [httpx] HTTP Request: POST https://api.telegram.org/bot8623301211:AAFZ77fMxpWXT3qK5Wy28eTtD5xlGFC99ik/getUpdates "HTTP/1.1 200 OK"
2026-06-27 13:54:00,883 INFO [httpx] HTTP Request: POST https://api.telegram.org/bot8623301211:AAFZ77fMxpWXT3qK5Wy28eTtD5xlGFC99ik/getUpdates "HTTP/1.1 200 OK"
2026-06-27 13:54:10,897 INFO [httpx] HTTP Request: POST https://api.telegram.org/bot8623301211:AAFZ77fMxpWXT3qK5Wy28eTtD5xlGFC99ik/getUpdates "HTTP/1.1 200 OK"
2026-06-27 13:54:20,909 INFO [httpx] HTTP Request: POST https://api.telegram.org/bot8623301211:AAFZ77fMxpWXT3qK5Wy28eTtD5xlGFC99ik/getUpdates "HTTP/1.1 200 OK"
2026-06-27 13:54:30,919 INFO [httpx] HTTP Request: POST https://api.telegram.org/bot8623301211:AAFZ77fMxpWXT3qK5Wy28eTtD5xlGFC99ik/getUpdates "HTTP/1.1 200 OK"
2026-06-27 13:54:40,937 INFO [httpx] HTTP Request: POST https://api.telegram.org/bot8623301211:AAFZ77fMxpWXT3qK5Wy28eTtD5xlGFC99ik/getUpdates "HTTP/1.1 200 OK"
2026-06-27 13:54:50,950 INFO [httpx] HTTP Request: POST https://api.telegram.org/bot8623301211:AAFZ77fMxpWXT3qK5Wy28eTtD5xlGFC99ik/getUpdates "HTTP/1.1 200 OK"
2026-06-27 13:55:00,962 INFO [httpx] HTTP Request: POST https://api.telegram.org/bot8623301211:AAFZ77fMxpWXT3qK5Wy28eTtD5xlGFC99ik/getUpdates "HTTP/1.1 200 OK"
2026-06-27 13:55:10,974 INFO [httpx] HTTP Request: POST https://api.telegram.org/bot8623301211:AAFZ77fMxpWXT3qK5Wy28eTtD5xlGFC99ik/getUpdates "HTTP/1.1 200 OK"
2026-06-27 13:55:20,987 INFO [httpx] HTTP Request: POST https://api.telegram.org/bot8623301211:AAFZ77fMxpWXT3qK5Wy28eTtD5xlGFC99ik/getUpdates "HTTP/1.1 200 OK"
2026-06-27 13:55:30,997 INFO [httpx] HTTP Request: POST https://api.telegram.org/bot8623301211:AAFZ77fMxpWXT3qK5Wy28eTtD5xlGFC99ik/getUpdates "HTTP/1.1 200 OK"
2026-06-27 13:55:41,020 INFO [httpx] HTTP Request: POST https://api.telegram.org/bot8623301211:AAFZ77fMxpWXT3qK5Wy28eTtD5xlGFC99ik/getUpdates "HTTP/1.1 200 OK"
2026-06-27 13:55:51,030 INFO [httpx] HTTP Request: POST https://api.telegram.org/bot8623301211:AAFZ77fMxpWXT3qK5Wy28eTtD5xlGFC99ik/getUpdates "HTTP/1.1 200 OK"
2026-06-27 13:56:01,047 INFO [httpx] HTTP Request: POST https://api.telegram.org/bot8623301211:AAFZ77fMxpWXT3qK5Wy28eTtD5xlGFC99ik/getUpdates "HTTP/1.1 200 OK"
2026-06-27 13:56:11,060 INFO [httpx] HTTP Request: POST https://api.telegram.org/bot8623301211:AAFZ77fMxpWXT3qK5Wy28eTtD5xlGFC99ik/getUpdates "HTTP/1.1 200 OK"
2026-06-27 13:56:21,080 INFO [httpx] HTTP Request: POST https://api.telegram.org/bot8623301211:AAFZ77fMxpWXT3qK5Wy28eTtD5xlGFC99ik/getUpdates "HTTP/1.1 200 OK"
INFO:     127.0.0.1:41078 - "GET /?authuser=5 HTTP/1.1" 200 OK
2026-06-27 13:56:31,092 INFO [httpx] HTTP Request: POST https://api.telegram.org/bot8623301211:AAFZ77fMxpWXT3qK5Wy28eTtD5xlGFC99ik/getUpdates "HTTP/1.1 200 OK"
2026-06-27 13:56:41,104 INFO [httpx] HTTP Request: POST https://api.telegram.org/bot8623301211:AAFZ77fMxpWXT3qK5Wy28eTtD5xlGFC99ik/getUpdates "HTTP/1.1 200 OK"
2026-06-27 13:56:51,120 INFO [httpx] HTTP Request: POST https://api.telegram.org/bot8623301211:AAFZ77fMxpWXT3qK5Wy28eTtD5xlGFC99ik/getUpdates "HTTP/1.1 200 OK"
2026-06-27 13:57:01,130 INFO [httpx] HTTP Request: POST https://api.telegram.org/bot8623301211:AAFZ77fMxpWXT3qK5Wy28eTtD5xlGFC99ik/getUpdates "HTTP/1.1 200 OK"
2026-06-27 13:57:11,140 INFO [httpx] HTTP Request: POST https://api.telegram.org/bot8623301211:AAFZ77fMxpWXT3qK5Wy28eTtD5xlGFC99ik/getUpdates "HTTP/1.1 200 OK"
2026-06-27 13:57:21,158 INFO [httpx] HTTP Request: POST https://api.telegram.org/bot8623301211:AAFZ77fMxpWXT3qK5Wy28eTtD5xlGFC99ik/getUpdates "HTTP/1.1 200 OK"
2026-06-27 13:57:31,170 INFO [httpx] HTTP Request: POST https://api.telegram.org/bot8623301211:AAFZ77fMxpWXT3qK5Wy28eTtD5xlGFC99ik/getUpdates "HTTP/1.1 200 OK"
2026-06-27 13:57:41,181 INFO [httpx] HTTP Request: POST https://api.telegram.org/bot8623301211:AAFZ77fMxpWXT3qK5Wy28eTtD5xlGFC99ik/getUpdates "HTTP/1.1 200 OK"
2026-06-27 13:57:51,204 INFO [httpx] HTTP Request: POST https://api.telegram.org/bot8623301211:AAFZ77fMxpWXT3qK5Wy28eTtD5xlGFC99ik/getUpdates "HTTP/1.1 200 OK"
2026-06-27 13:58:01,218 INFO [httpx] HTTP Request: POST https://api.telegram.org/bot8623301211:AAFZ77fMxpWXT3qK5Wy28eTtD5xlGFC99ik/getUpdates "HTTP/1.1 200 OK"
2026-06-27 13:58:11,230 INFO [httpx] HTTP Request: POST https://api.telegram.org/bot8623301211:AAFZ77fMxpWXT3qK5Wy28eTtD5xlGFC99ik/getUpdates "HTTP/1.1 200 OK"
2026-06-27 13:58:21,246 INFO [httpx] HTTP Request: POST https://api.telegram.org/bot8623301211:AAFZ77fMxpWXT3qK5Wy28eTtD5xlGFC99ik/getUpdates "HTTP/1.1 200 OK"
2026-06-27 13:58:31,264 INFO [httpx] HTTP Request: POST https://api.telegram.org/bot8623301211:AAFZ77fMxpWXT3qK5Wy28eTtD5xlGFC99ik/getUpdates "HTTP/1.1 200 OK"
2026-06-27 13:58:41,273 INFO [httpx] HTTP Request: POST https://api.telegram.org/bot8623301211:AAFZ77fMxpWXT3qK5Wy28eTtD5xlGFC99ik/getUpdates "HTTP/1.1 200 OK"
2026-06-27 13:58:51,288 INFO [httpx] HTTP Request: POST https://api.telegram.org/bot8623301211:AAFZ77fMxpWXT3qK5Wy28eTtD5xlGFC99ik/getUpdates "HTTP/1.1 200 OK"
2026-06-27 13:59:01,305 INFO [httpx] HTTP Request: POST https://api.telegram.org/bot8623301211:AAFZ77fMxpWXT3qK5Wy28eTtD5xlGFC99ik/getUpdates "HTTP/1.1 200 OK"
2026-06-27 13:59:11,317 INFO [httpx] HTTP Request: POST https://api.telegram.org/bot8623301211:AAFZ77fMxpWXT3qK5Wy28eTtD5xlGFC99ik/getUpdates "HTTP/1.1 200 OK"
2026-06-27 13:59:21,349 INFO [httpx] HTTP Request: POST https://api.telegram.org/bot8623301211:AAFZ77fMxpWXT3qK5Wy28eTtD5xlGFC99ik/getUpdates "HTTP/1.1 200 OK"
2026-06-27 13:59:31,365 INFO [httpx] HTTP Request: POST https://api.telegram.org/bot8623301211:AAFZ77fMxpWXT3qK5Wy28eTtD5xlGFC99ik/getUpdates "HTTP/1.1 200 OK"
2026-06-27 13:59:41,382 INFO [httpx] HTTP Request: POST https://api.telegram.org/bot8623301211:AAFZ77fMxpWXT3qK5Wy28eTtD5xlGFC99ik/getUpdates "HTTP/1.1 200 OK"
2026-06-27 13:59:51,393 INFO [httpx] HTTP Request: POST https://api.telegram.org/bot8623301211:AAFZ77fMxpWXT3qK5Wy28eTtD5xlGFC99ik/getUpdates "HTTP/1.1 200 OK"
2026-06-27 14:00:01,407 INFO [httpx] HTTP Request: POST https://api.telegram.org/bot8623301211:AAFZ77fMxpWXT3qK5Wy28eTtD5xlGFC99ik/getUpdates "HTTP/1.1 200 OK"
2026-06-27 14:00:11,423 INFO [httpx] HTTP Request: POST https://api.telegram.org/bot8623301211:AAFZ77fMxpWXT3qK5Wy28eTtD5xlGFC99ik/getUpdates "HTTP/1.1 200 OK"
2026-06-27 14:00:21,436 INFO [httpx] HTTP Request: POST https://api.telegram.org/bot8623301211:AAFZ77fMxpWXT3qK5Wy28eTtD5xlGFC99ik/getUpdates "HTTP/1.1 200 OK"
2026-06-27 14:00:31,457 INFO [httpx] HTTP Request: POST https://api.telegram.org/bot8623301211:AAFZ77fMxpWXT3qK5Wy28eTtD5xlGFC99ik/getUpdates "HTTP/1.1 200 OK"
2026-06-27 14:00:41,470 INFO [httpx] HTTP Request: POST https://api.telegram.org/bot8623301211:AAFZ77fMxpWXT3qK5Wy28eTtD5xlGFC99ik/getUpdates "HTTP/1.1 200 OK"
2026-06-27 14:00:51,480 INFO [httpx] HTTP Request: POST https://api.telegram.org/bot8623301211:AAFZ77fMxpWXT3qK5Wy28eTtD5xlGFC99ik/getUpdates "HTTP/1.1 200 OK"
2026-06-27 14:01:01,495 INFO [httpx] HTTP Request: POST https://api.telegram.org/bot8623301211:AAFZ77fMxpWXT3qK5Wy28eTtD5xlGFC99ik/getUpdates "HTTP/1.1 200 OK"
2026-06-27 14:01:11,512 INFO [httpx] HTTP Request: POST https://api.telegram.org/bot8623301211:AAFZ77fMxpWXT3qK5Wy28eTtD5xlGFC99ik/getUpdates "HTTP/1.1 200 OK"
2026-06-27 14:01:21,527 INFO [httpx] HTTP Request: POST https://api.telegram.org/bot8623301211:AAFZ77fMxpWXT3qK5Wy28eTtD5xlGFC99ik/getUpdates "HTTP/1.1 200 OK"
2026-06-27 14:01:31,540 INFO [httpx] HTTP Request: POST https://api.telegram.org/bot8623301211:AAFZ77fMxpWXT3qK5Wy28eTtD5xlGFC99ik/getUpdates "HTTP/1.1 200 OK"
2026-06-27 14:01:41,550 INFO [httpx] HTTP Request: POST https://api.telegram.org/bot8623301211:AAFZ77fMxpWXT3qK5Wy28eTtD5xlGFC99ik/getUpdates "HTTP/1.1 200 OK"
2026-06-27 14:01:51,562 INFO [httpx] HTTP Request: POST https://api.telegram.org/bot8623301211:AAFZ77fMxpWXT3qK5Wy28eTtD5xlGFC99ik/getUpdates "HTTP/1.1 200 OK"
2026-06-27 14:02:01,575 INFO [httpx] HTTP Request: POST https://api.telegram.org/bot8623301211:AAFZ77fMxpWXT3qK5Wy28eTtD5xlGFC99ik/getUpdates "HTTP/1.1 200 OK"
2026-06-27 14:02:11,592 INFO [httpx] HTTP Request: POST https://api.telegram.org/bot8623301211:AAFZ77fMxpWXT3qK5Wy28eTtD5xlGFC99ik/getUpdates "HTTP/1.1 200 OK"
2026-06-27 14:02:21,607 INFO [httpx] HTTP Request: POST https://api.telegram.org/bot8623301211:AAFZ77fMxpWXT3qK5Wy28eTtD5xlGFC99ik/getUpdates "HTTP/1.1 200 OK"
2026-06-27 14:02:31,626 INFO [httpx] HTTP Request: POST https://api.telegram.org/bot8623301211:AAFZ77fMxpWXT3qK5Wy28eTtD5xlGFC99ik/getUpdates "HTTP/1.1 200 OK"
2026-06-27 14:02:41,644 INFO [httpx] HTTP Request: POST https://api.telegram.org/bot8623301211:AAFZ77fMxpWXT3qK5Wy28eTtD5xlGFC99ik/getUpdates "HTTP/1.1 200 OK"
2026-06-27 14:02:51,664 INFO [httpx] HTTP Request: POST https://api.telegram.org/bot8623301211:AAFZ77fMxpWXT3qK5Wy28eTtD5xlGFC99ik/getUpdates "HTTP/1.1 200 OK"
2026-06-27 14:03:01,678 INFO [httpx] HTTP Request: POST https://api.telegram.org/bot8623301211:AAFZ77fMxpWXT3qK5Wy28eTtD5xlGFC99ik/getUpdates "HTTP/1.1 200 OK"
2026-06-27 14:03:11,690 INFO [httpx] HTTP Request: POST https://api.telegram.org/bot8623301211:AAFZ77fMxpWXT3qK5Wy28eTtD5xlGFC99ik/getUpdates "HTTP/1.1 200 OK"
2026-06-27 14:03:21,702 INFO [httpx] HTTP Request: POST https://api.telegram.org/bot8623301211:AAFZ77fMxpWXT3qK5Wy28eTtD5xlGFC99ik/getUpdates "HTTP/1.1 200 OK"
2026-06-27 14:03:31,716 INFO [httpx] HTTP Request: POST https://api.telegram.org/bot8623301211:AAFZ77fMxpWXT3qK5Wy28eTtD5xlGFC99ik/getUpdates "HTTP/1.1 200 OK"
2026-06-27 14:03:41,730 INFO [httpx] HTTP Request: POST https://api.telegram.org/bot8623301211:AAFZ77fMxpWXT3qK5Wy28eTtD5xlGFC99ik/getUpdates "HTTP/1.1 200 OK"
2026-06-27 14:03:51,747 INFO [httpx] HTTP Request: POST https://api.telegram.org/bot8623301211:AAFZ77fMxpWXT3qK5Wy28eTtD5xlGFC99ik/getUpdates "HTTP/1.1 200 OK"
2026-06-27 14:04:01,762 INFO [httpx] HTTP Request: POST https://api.telegram.org/bot8623301211:AAFZ77fMxpWXT3qK5Wy28eTtD5xlGFC99ik/getUpdates "HTTP/1.1 200 OK"
2026-06-27 14:04:11,772 INFO [httpx] HTTP Request: POST https://api.telegram.org/bot8623301211:AAFZ77fMxpWXT3qK5Wy28eTtD5xlGFC99ik/getUpdates "HTTP/1.1 200 OK"
2026-06-27 14:04:21,784 INFO [httpx] HTTP Request: POST https://api.telegram.org/bot8623301211:AAFZ77fMxpWXT3qK5Wy28eTtD5xlGFC99ik/getUpdates "HTTP/1.1 200 OK"
2026-06-27 14:04:31,796 INFO [httpx] HTTP Request: POST https://api.telegram.org/bot8623301211:AAFZ77fMxpWXT3qK5Wy28eTtD5xlGFC99ik/getUpdates "HTTP/1.1 200 OK"
2026-06-27 14:04:41,815 INFO [httpx] HTTP Request: POST https://api.telegram.org/bot8623301211:AAFZ77fMxpWXT3qK5Wy28eTtD5xlGFC99ik/getUpdates "HTTP/1.1 200 OK"
2026-06-27 14:04:51,833 INFO [httpx] HTTP Request: POST https://api.telegram.org/bot8623301211:AAFZ77fMxpWXT3qK5Wy28eTtD5xlGFC99ik/getUpdates "HTTP/1.1 200 OK"
2026-06-27 14:05:01,850 INFO [httpx] HTTP Request: POST https://api.telegram.org/bot8623301211:AAFZ77fMxpWXT3qK5Wy28eTtD5xlGFC99ik/getUpdates "HTTP/1.1 200 OK"
2026-06-27 14:05:11,873 INFO [httpx] HTTP Request: POST https://api.telegram.org/bot8623301211:AAFZ77fMxpWXT3qK5Wy28eTtD5xlGFC99ik/getUpdates "HTTP/1.1 200 OK"
2026-06-27 14:05:21,890 INFO [httpx] HTTP Request: POST https://api.telegram.org/bot8623301211:AAFZ77fMxpWXT3qK5Wy28eTtD5xlGFC99ik/getUpdates "HTTP/1.1 200 OK"
2026-06-27 14:05:31,909 INFO [httpx] HTTP Request: POST https://api.telegram.org/bot8623301211:AAFZ77fMxpWXT3qK5Wy28eTtD5xlGFC99ik/getUpdates "HTTP/1.1 200 OK"
2026-06-27 14:05:41,921 INFO [httpx] HTTP Request: POST https://api.telegram.org/bot8623301211:AAFZ77fMxpWXT3qK5Wy28eTtD5xlGFC99ik/getUpdates "HTTP/1.1 200 OK"
2026-06-27 14:05:51,931 INFO [httpx] HTTP Request: POST https://api.telegram.org/bot8623301211:AAFZ77fMxpWXT3qK5Wy28eTtD5xlGFC99ik/getUpdates "HTTP/1.1 200 OK"
2026-06-27 14:06:01,951 INFO [httpx] HTTP Request: POST https://api.telegram.org/bot8623301211:AAFZ77fMxpWXT3qK5Wy28eTtD5xlGFC99ik/getUpdates "HTTP/1.1 200 OK"
2026-06-27 14:06:11,963 INFO [httpx] HTTP Request: POST https://api.telegram.org/bot8623301211:AAFZ77fMxpWXT3qK5Wy28eTtD5xlGFC99ik/getUpdates "HTTP/1.1 200 OK"
2026-06-27 14:06:21,978 INFO [httpx] HTTP Request: POST https://api.telegram.org/bot8623301211:AAFZ77fMxpWXT3qK5Wy28eTtD5xlGFC99ik/getUpdates "HTTP/1.1 200 OK"
2026-06-27 14:06:31,997 INFO [httpx] HTTP Request: POST https://api.telegram.org/bot8623301211:AAFZ77fMxpWXT3qK5Wy28eTtD5xlGFC99ik/getUpdates "HTTP/1.1 200 OK"
2026-06-27 14:06:42,012 INFO [httpx] HTTP Request: POST https://api.telegram.org/bot8623301211:AAFZ77fMxpWXT3qK5Wy28eTtD5xlGFC99ik/getUpdates "HTTP/1.1 200 OK"
2026-06-27 14:06:52,035 INFO [httpx] HTTP Request: POST https://api.telegram.org/bot8623301211:AAFZ77fMxpWXT3qK5Wy28eTtD5xlGFC99ik/getUpdates "HTTP/1.1 200 OK"
2026-06-27 14:07:02,046 INFO [httpx] HTTP Request: POST https://api.telegram.org/bot8623301211:AAFZ77fMxpWXT3qK5Wy28eTtD5xlGFC99ik/getUpdates "HTTP/1.1 200 OK"
2026-06-27 14:07:12,056 INFO [httpx] HTTP Request: POST https://api.telegram.org/bot8623301211:AAFZ77fMxpWXT3qK5Wy28eTtD5xlGFC99ik/getUpdates "HTTP/1.1 200 OK"
2026-06-27 14:07:22,072 INFO [httpx] HTTP Request: POST https://api.telegram.org/bot8623301211:AAFZ77fMxpWXT3qK5Wy28eTtD5xlGFC99ik/getUpdates "HTTP/1.1 200 OK"
2026-06-27 14:07:32,088 INFO [httpx] HTTP Request: POST https://api.telegram.org/bot8623301211:AAFZ77fMxpWXT3qK5Wy28eTtD5xlGFC99ik/getUpdates "HTTP/1.1 200 OK"
2026-06-27 14:07:42,098 INFO [httpx] HTTP Request: POST https://api.telegram.org/bot8623301211:AAFZ77fMxpWXT3qK5Wy28eTtD5xlGFC99ik/getUpdates "HTTP/1.1 200 OK"
2026-06-27 14:07:52,115 INFO [httpx] HTTP Request: POST https://api.telegram.org/bot8623301211:AAFZ77fMxpWXT3qK5Wy28eTtD5xlGFC99ik/getUpdates "HTTP/1.1 200 OK"
2026-06-27 14:08:02,124 INFO [httpx] HTTP Request: POST https://api.telegram.org/bot8623301211:AAFZ77fMxpWXT3qK5Wy28eTtD5xlGFC99ik/getUpdates "HTTP/1.1 200 OK"
2026-06-27 14:08:12,137 INFO [httpx] HTTP Request: POST https://api.telegram.org/bot8623301211:AAFZ77fMxpWXT3qK5Wy28eTtD5xlGFC99ik/getUpdates "HTTP/1.1 200 OK"
2026-06-27 14:08:22,148 INFO [httpx] HTTP Request: POST https://api.telegram.org/bot8623301211:AAFZ77fMxpWXT3qK5Wy28eTtD5xlGFC99ik/getUpdates "HTTP/1.1 200 OK"
2026-06-27 14:08:32,157 INFO [httpx] HTTP Request: POST https://api.telegram.org/bot8623301211:AAFZ77fMxpWXT3qK5Wy28eTtD5xlGFC99ik/getUpdates "HTTP/1.1 200 OK"
2026-06-27 14:08:42,176 INFO [httpx] HTTP Request: POST https://api.telegram.org/bot8623301211:AAFZ77fMxpWXT3qK5Wy28eTtD5xlGFC99ik/getUpdates "HTTP/1.1 200 OK"
2026-06-27 14:08:52,232 INFO [httpx] HTTP Request: POST https://api.telegram.org/bot8623301211:AAFZ77fMxpWXT3qK5Wy28eTtD5xlGFC99ik/getUpdates "HTTP/1.1 200 OK"
2026-06-27 14:09:02,265 INFO [httpx] HTTP Request: POST https://api.telegram.org/bot8623301211:AAFZ77fMxpWXT3qK5Wy28eTtD5xlGFC99ik/getUpdates "HTTP/1.1 200 OK"
2026-06-27 14:09:12,282 INFO [httpx] HTTP Request: POST https://api.telegram.org/bot8623301211:AAFZ77fMxpWXT3qK5Wy28eTtD5xlGFC99ik/getUpdates "HTTP/1.1 200 OK"
2026-06-27 14:09:22,292 INFO [httpx] HTTP Request: POST https://api.telegram.org/bot8623301211:AAFZ77fMxpWXT3qK5Wy28eTtD5xlGFC99ik/getUpdates "HTTP/1.1 200 OK"
2026-06-27 14:09:32,321 INFO [httpx] HTTP Request: POST https://api.telegram.org/bot8623301211:AAFZ77fMxpWXT3qK5Wy28eTtD5xlGFC99ik/getUpdates "HTTP/1.1 200 OK"
2026-06-27 14:09:42,337 INFO [httpx] HTTP Request: POST https://api.telegram.org/bot8623301211:AAFZ77fMxpWXT3qK5Wy28eTtD5xlGFC99ik/getUpdates "HTTP/1.1 200 OK"
2026-06-27 14:09:52,354 INFO [httpx] HTTP Request: POST https://api.telegram.org/bot8623301211:AAFZ77fMxpWXT3qK5Wy28eTtD5xlGFC99ik/getUpdates "HTTP/1.1 200 OK"
2026-06-27 14:10:02,367 INFO [httpx] HTTP Request: POST https://api.telegram.org/bot8623301211:AAFZ77fMxpWXT3qK5Wy28eTtD5xlGFC99ik/getUpdates "HTTP/1.1 200 OK"
2026-06-27 14:10:12,383 INFO [httpx] HTTP Request: POST https://api.telegram.org/bot8623301211:AAFZ77fMxpWXT3qK5Wy28eTtD5xlGFC99ik/getUpdates "HTTP/1.1 200 OK"
2026-06-27 14:10:22,395 INFO [httpx] HTTP Request: POST https://api.telegram.org/bot8623301211:AAFZ77fMxpWXT3qK5Wy28eTtD5xlGFC99ik/getUpdates "HTTP/1.1 200 OK"
2026-06-27 14:10:32,414 INFO [httpx] HTTP Request: POST https://api.telegram.org/bot8623301211:AAFZ77fMxpWXT3qK5Wy28eTtD5xlGFC99ik/getUpdates "HTTP/1.1 200 OK"
2026-06-27 14:10:42,448 INFO [httpx] HTTP Request: POST https://api.telegram.org/bot8623301211:AAFZ77fMxpWXT3qK5Wy28eTtD5xlGFC99ik/getUpdates "HTTP/1.1 200 OK"
2026-06-27 14:10:52,460 INFO [httpx] HTTP Request: POST https://api.telegram.org/bot8623301211:AAFZ77fMxpWXT3qK5Wy28eTtD5xlGFC99ik/getUpdates "HTTP/1.1 200 OK"
2026-06-27 14:11:02,471 INFO [httpx] HTTP Request: POST https://api.telegram.org/bot8623301211:AAFZ77fMxpWXT3qK5Wy28eTtD5xlGFC99ik/getUpdates "HTTP/1.1 200 OK"
2026-06-27 14:11:12,486 INFO [httpx] HTTP Request: POST https://api.telegram.org/bot8623301211:AAFZ77fMxpWXT3qK5Wy28eTtD5xlGFC99ik/getUpdates "HTTP/1.1 200 OK"
2026-06-27 14:11:22,497 INFO [httpx] HTTP Request: POST https://api.telegram.org/bot8623301211:AAFZ77fMxpWXT3qK5Wy28eTtD5xlGFC99ik/getUpdates "HTTP/1.1 200 OK"
2026-06-27 14:11:32,516 INFO [httpx] HTTP Request: POST https://api.telegram.org/bot8623301211:AAFZ77fMxpWXT3qK5Wy28eTtD5xlGFC99ik/getUpdates "HTTP/1.1 200 OK"
2026-06-27 14:11:42,537 INFO [httpx] HTTP Request: POST https://api.telegram.org/bot8623301211:AAFZ77fMxpWXT3qK5Wy28eTtD5xlGFC99ik/getUpdates "HTTP/1.1 200 OK"
2026-06-27 14:11:52,553 INFO [httpx] HTTP Request: POST https://api.telegram.org/bot8623301211:AAFZ77fMxpWXT3qK5Wy28eTtD5xlGFC99ik/getUpdates "HTTP/1.1 200 OK"
2026-06-27 14:12:02,566 INFO [httpx] HTTP Request: POST https://api.telegram.org/bot8623301211:AAFZ77fMxpWXT3qK5Wy28eTtD5xlGFC99ik/getUpdates "HTTP/1.1 200 OK"
2026-06-27 14:12:12,614 INFO [httpx] HTTP Request: POST https://api.telegram.org/bot8623301211:AAFZ77fMxpWXT3qK5Wy28eTtD5xlGFC99ik/getUpdates "HTTP/1.1 200 OK"
2026-06-27 14:12:22,642 INFO [httpx] HTTP Request: POST https://api.telegram.org/bot8623301211:AAFZ77fMxpWXT3qK5Wy28eTtD5xlGFC99ik/getUpdates "HTTP/1.1 200 OK"
2026-06-27 14:12:32,657 INFO [httpx] HTTP Request: POST https://api.telegram.org/bot8623301211:AAFZ77fMxpWXT3qK5Wy28eTtD5xlGFC99ik/getUpdates "HTTP/1.1 200 OK"
2026-06-27 14:12:42,672 INFO [httpx] HTTP Request: POST https://api.telegram.org/bot8623301211:AAFZ77fMxpWXT3qK5Wy28eTtD5xlGFC99ik/getUpdates "HTTP/1.1 200 OK"
2026-06-27 14:12:52,687 INFO [httpx] HTTP Request: POST https://api.telegram.org/bot8623301211:AAFZ77fMxpWXT3qK5Wy28eTtD5xlGFC99ik/getUpdates "HTTP/1.1 200 OK"
2026-06-27 14:13:02,699 INFO [httpx] HTTP Request: POST https://api.telegram.org/bot8623301211:AAFZ77fMxpWXT3qK5Wy28eTtD5xlGFC99ik/getUpdates "HTTP/1.1 200 OK"
2026-06-27 14:13:12,711 INFO [httpx] HTTP Request: POST https://api.telegram.org/bot8623301211:AAFZ77fMxpWXT3qK5Wy28eTtD5xlGFC99ik/getUpdates "HTTP/1.1 200 OK"
2026-06-27 14:13:22,728 INFO [httpx] HTTP Request: POST https://api.telegram.org/bot8623301211:AAFZ77fMxpWXT3qK5Wy28eTtD5xlGFC99ik/getUpdates "HTTP/1.1 200 OK"
2026-06-27 14:13:32,737 INFO [httpx] HTTP Request: POST https://api.telegram.org/bot8623301211:AAFZ77fMxpWXT3qK5Wy28eTtD5xlGFC99ik/getUpdates "HTTP/1.1 200 OK"
2026-06-27 14:13:42,749 INFO [httpx] HTTP Request: POST https://api.telegram.org/bot8623301211:AAFZ77fMxpWXT3qK5Wy28eTtD5xlGFC99ik/getUpdates "HTTP/1.1 200 OK"
2026-06-27 14:13:52,759 INFO [httpx] HTTP Request: POST https://api.telegram.org/bot8623301211:AAFZ77fMxpWXT3qK5Wy28eTtD5xlGFC99ik/getUpdates "HTTP/1.1 200 OK"
2026-06-27 14:14:02,778 INFO [httpx] HTTP Request: POST https://api.telegram.org/bot8623301211:AAFZ77fMxpWXT3qK5Wy28eTtD5xlGFC99ik/getUpdates "HTTP/1.1 200 OK"
2026-06-27 14:14:12,793 INFO [httpx] HTTP Request: POST https://api.telegram.org/bot8623301211:AAFZ77fMxpWXT3qK5Wy28eTtD5xlGFC99ik/getUpdates "HTTP/1.1 200 OK"
2026-06-27 14:14:22,805 INFO [httpx] HTTP Request: POST https://api.telegram.org/bot8623301211:AAFZ77fMxpWXT3qK5Wy28eTtD5xlGFC99ik/getUpdates "HTTP/1.1 200 OK"
2026-06-27 14:14:32,819 INFO [httpx] HTTP Request: POST https://api.telegram.org/bot8623301211:AAFZ77fMxpWXT3qK5Wy28eTtD5xlGFC99ik/getUpdates "HTTP/1.1 200 OK"
2026-06-27 14:14:42,835 INFO [httpx] HTTP Request: POST https://api.telegram.org/bot8623301211:AAFZ77fMxpWXT3qK5Wy28eTtD5xlGFC99ik/getUpdates "HTTP/1.1 200 OK"
2026-06-27 14:14:52,848 INFO [httpx] HTTP Request: POST https://api.telegram.org/bot8623301211:AAFZ77fMxpWXT3qK5Wy28eTtD5xlGFC99ik/getUpdates "HTTP/1.1 200 OK"
2026-06-27 14:15:02,862 INFO [httpx] HTTP Request: POST https://api.telegram.org/bot8623301211:AAFZ77fMxpWXT3qK5Wy28eTtD5xlGFC99ik/getUpdates "HTTP/1.1 200 OK"
2026-06-27 14:15:12,876 INFO [httpx] HTTP Request: POST https://api.telegram.org/bot8623301211:AAFZ77fMxpWXT3qK5Wy28eTtD5xlGFC99ik/getUpdates "HTTP/1.1 200 OK"
2026-06-27 14:15:22,887 INFO [httpx] HTTP Request: POST https://api.telegram.org/bot8623301211:AAFZ77fMxpWXT3qK5Wy28eTtD5xlGFC99ik/getUpdates "HTTP/1.1 200 OK"
2026-06-27 14:15:32,902 INFO [httpx] HTTP Request: POST https://api.telegram.org/bot8623301211:AAFZ77fMxpWXT3qK5Wy28eTtD5xlGFC99ik/getUpdates "HTTP/1.1 200 OK"
2026-06-27 14:15:42,913 INFO [httpx] HTTP Request: POST https://api.telegram.org/bot8623301211:AAFZ77fMxpWXT3qK5Wy28eTtD5xlGFC99ik/getUpdates "HTTP/1.1 200 OK"
2026-06-27 14:15:52,926 INFO [httpx] HTTP Request: POST https://api.telegram.org/bot8623301211:AAFZ77fMxpWXT3qK5Wy28eTtD5xlGFC99ik/getUpdates "HTTP/1.1 200 OK"
2026-06-27 14:16:02,937 INFO [httpx] HTTP Request: POST https://api.telegram.org/bot8623301211:AAFZ77fMxpWXT3qK5Wy28eTtD5xlGFC99ik/getUpdates "HTTP/1.1 200 OK"
2026-06-27 14:16:12,951 INFO [httpx] HTTP Request: POST https://api.telegram.org/bot8623301211:AAFZ77fMxpWXT3qK5Wy28eTtD5xlGFC99ik/getUpdates "HTTP/1.1 200 OK"
2026-06-27 14:16:22,961 INFO [httpx] HTTP Request: POST https://api.telegram.org/bot8623301211:AAFZ77fMxpWXT3qK5Wy28eTtD5xlGFC99ik/getUpdates "HTTP/1.1 200 OK"
2026-06-27 14:16:32,974 INFO [httpx] HTTP Request: POST https://api.telegram.org/bot8623301211:AAFZ77fMxpWXT3qK5Wy28eTtD5xlGFC99ik/getUpdates "HTTP/1.1 200 OK"
2026-06-27 14:16:42,991 INFO [httpx] HTTP Request: POST https://api.telegram.org/bot8623301211:AAFZ77fMxpWXT3qK5Wy28eTtD5xlGFC99ik/getUpdates "HTTP/1.1 200 OK"
2026-06-27 14:16:53,009 INFO [httpx] HTTP Request: POST https://api.telegram.org/bot8623301211:AAFZ77fMxpWXT3qK5Wy28eTtD5xlGFC99ik/getUpdates "HTTP/1.1 200 OK"
2026-06-27 14:17:03,020 INFO [httpx] HTTP Request: POST https://api.telegram.org/bot8623301211:AAFZ77fMxpWXT3qK5Wy28eTtD5xlGFC99ik/getUpdates "HTTP/1.1 200 OK"
2026-06-27 14:17:13,042 INFO [httpx] HTTP Request: POST https://api.telegram.org/bot8623301211:AAFZ77fMxpWXT3qK5Wy28eTtD5xlGFC99ik/getUpdates "HTTP/1.1 200 OK"
2026-06-27 14:17:23,058 INFO [httpx] HTTP Request: POST https://api.telegram.org/bot8623301211:AAFZ77fMxpWXT3qK5Wy28eTtD5xlGFC99ik/getUpdates "HTTP/1.1 200 OK"
2026-06-27 14:17:33,068 INFO [httpx] HTTP Request: POST https://api.telegram.org/bot8623301211:AAFZ77fMxpWXT3qK5Wy28eTtD5xlGFC99ik/getUpdates "HTTP/1.1 200 OK"
2026-06-27 14:17:43,085 INFO [httpx] HTTP Request: POST https://api.telegram.org/bot8623301211:AAFZ77fMxpWXT3qK5Wy28eTtD5xlGFC99ik/getUpdates "HTTP/1.1 200 OK"
2026-06-27 14:17:53,094 INFO [httpx] HTTP Request: POST https://api.telegram.org/bot8623301211:AAFZ77fMxpWXT3qK5Wy28eTtD5xlGFC99ik/getUpdates "HTTP/1.1 200 OK"
2026-06-27 14:18:03,107 INFO [httpx] HTTP Request: POST https://api.telegram.org/bot8623301211:AAFZ77fMxpWXT3qK5Wy28eTtD5xlGFC99ik/getUpdates "HTTP/1.1 200 OK"
2026-06-27 14:18:13,118 INFO [httpx] HTTP Request: POST https://api.telegram.org/bot8623301211:AAFZ77fMxpWXT3qK5Wy28eTtD5xlGFC99ik/getUpdates "HTTP/1.1 200 OK"
2026-06-27 14:18:23,138 INFO [httpx] HTTP Request: POST https://api.telegram.org/bot8623301211:AAFZ77fMxpWXT3qK5Wy28eTtD5xlGFC99ik/getUpdates "HTTP/1.1 200 OK"
2026-06-27 14:18:33,151 INFO [httpx] HTTP Request: POST https://api.telegram.org/bot8623301211:AAFZ77fMxpWXT3qK5Wy28eTtD5xlGFC99ik/getUpdates "HTTP/1.1 200 OK"
2026-06-27 14:18:43,168 INFO [httpx] HTTP Request: POST https://api.telegram.org/bot8623301211:AAFZ77fMxpWXT3qK5Wy28eTtD5xlGFC99ik/getUpdates "HTTP/1.1 200 OK"
2026-06-27 14:18:53,180 INFO [httpx] HTTP Request: POST https://api.telegram.org/bot8623301211:AAFZ77fMxpWXT3qK5Wy28eTtD5xlGFC99ik/getUpdates "HTTP/1.1 200 OK"
2026-06-27 14:19:03,192 INFO [httpx] HTTP Request: POST https://api.telegram.org/bot8623301211:AAFZ77fMxpWXT3qK5Wy28eTtD5xlGFC99ik/getUpdates "HTTP/1.1 200 OK"
2026-06-27 14:19:13,205 INFO [httpx] HTTP Request: POST https://api.telegram.org/bot8623301211:AAFZ77fMxpWXT3qK5Wy28eTtD5xlGFC99ik/getUpdates "HTTP/1.1 200 OK"
2026-06-27 14:19:23,215 INFO [httpx] HTTP Request: POST https://api.telegram.org/bot8623301211:AAFZ77fMxpWXT3qK5Wy28eTtD5xlGFC99ik/getUpdates "HTTP/1.1 200 OK"
2026-06-27 14:19:33,225 INFO [httpx] HTTP Request: POST https://api.telegram.org/bot8623301211:AAFZ77fMxpWXT3qK5Wy28eTtD5xlGFC99ik/getUpdates "HTTP/1.1 200 OK"
2026-06-27 14:19:43,244 INFO [httpx] HTTP Request: POST https://api.telegram.org/bot8623301211:AAFZ77fMxpWXT3qK5Wy28eTtD5xlGFC99ik/getUpdates "HTTP/1.1 200 OK"
2026-06-27 14:19:53,257 INFO [httpx] HTTP Request: POST https://api.telegram.org/bot8623301211:AAFZ77fMxpWXT3qK5Wy28eTtD5xlGFC99ik/getUpdates "HTTP/1.1 200 OK"
2026-06-27 14:20:03,270 INFO [httpx] HTTP Request: POST https://api.telegram.org/bot8623301211:AAFZ77fMxpWXT3qK5Wy28eTtD5xlGFC99ik/getUpdates "HTTP/1.1 200 OK"
2026-06-27 14:20:13,281 INFO [httpx] HTTP Request: POST https://api.telegram.org/bot8623301211:AAFZ77fMxpWXT3qK5Wy28eTtD5xlGFC99ik/getUpdates "HTTP/1.1 200 OK"
2026-06-27 14:20:23,296 INFO [httpx] HTTP Request: POST https://api.telegram.org/bot8623301211:AAFZ77fMxpWXT3qK5Wy28eTtD5xlGFC99ik/getUpdates "HTTP/1.1 200 OK"
2026-06-27 14:20:33,308 INFO [httpx] HTTP Request: POST https://api.telegram.org/bot8623301211:AAFZ77fMxpWXT3qK5Wy28eTtD5xlGFC99ik/getUpdates "HTTP/1.1 200 OK"
2026-06-27 14:20:43,322 INFO [httpx] HTTP Request: POST https://api.telegram.org/bot8623301211:AAFZ77fMxpWXT3qK5Wy28eTtD5xlGFC99ik/getUpdates "HTTP/1.1 200 OK"
2026-06-27 14:20:53,334 INFO [httpx] HTTP Request: POST https://api.telegram.org/bot8623301211:AAFZ77fMxpWXT3qK5Wy28eTtD5xlGFC99ik/getUpdates "HTTP/1.1 200 OK"
2026-06-27 14:21:03,343 INFO [httpx] HTTP Request: POST https://api.telegram.org/bot8623301211:AAFZ77fMxpWXT3qK5Wy28eTtD5xlGFC99ik/getUpdates "HTTP/1.1 200 OK"
2026-06-27 14:21:13,359 INFO [httpx] HTTP Request: POST https://api.telegram.org/bot8623301211:AAFZ77fMxpWXT3qK5Wy28eTtD5xlGFC99ik/getUpdates "HTTP/1.1 200 OK"
2026-06-27 14:21:23,377 INFO [httpx] HTTP Request: POST https://api.telegram.org/bot8623301211:AAFZ77fMxpWXT3qK5Wy28eTtD5xlGFC99ik/getUpdates "HTTP/1.1 200 OK"
2026-06-27 14:21:33,388 INFO [httpx] HTTP Request: POST https://api.telegram.org/bot8623301211:AAFZ77fMxpWXT3qK5Wy28eTtD5xlGFC99ik/getUpdates "HTTP/1.1 200 OK"
2026-06-27 14:21:43,401 INFO [httpx] HTTP Request: POST https://api.telegram.org/bot8623301211:AAFZ77fMxpWXT3qK5Wy28eTtD5xlGFC99ik/getUpdates "HTTP/1.1 200 OK"
2026-06-27 14:21:53,415 INFO [httpx] HTTP Request: POST https://api.telegram.org/bot8623301211:AAFZ77fMxpWXT3qK5Wy28eTtD5xlGFC99ik/getUpdates "HTTP/1.1 200 OK"
2026-06-27 14:22:03,424 INFO [httpx] HTTP Request: POST https://api.telegram.org/bot8623301211:AAFZ77fMxpWXT3qK5Wy28eTtD5xlGFC99ik/getUpdates "HTTP/1.1 200 OK"
2026-06-27 14:22:13,453 INFO [httpx] HTTP Request: POST https://api.telegram.org/bot8623301211:AAFZ77fMxpWXT3qK5Wy28eTtD5xlGFC99ik/getUpdates "HTTP/1.1 200 OK"
2026-06-27 14:22:23,472 INFO [httpx] HTTP Request: POST https://api.telegram.org/bot8623301211:AAFZ77fMxpWXT3qK5Wy28eTtD5xlGFC99ik/getUpdates "HTTP/1.1 200 OK"
2026-06-27 14:22:33,483 INFO [httpx] HTTP Request: POST https://api.telegram.org/bot8623301211:AAFZ77fMxpWXT3qK5Wy28eTtD5xlGFC99ik/getUpdates "HTTP/1.1 200 OK"
2026-06-27 14:22:43,498 INFO [httpx] HTTP Request: POST https://api.telegram.org/bot8623301211:AAFZ77fMxpWXT3qK5Wy28eTtD5xlGFC99ik/getUpdates "HTTP/1.1 200 OK"
2026-06-27 14:22:53,509 INFO [httpx] HTTP Request: POST https://api.telegram.org/bot8623301211:AAFZ77fMxpWXT3qK5Wy28eTtD5xlGFC99ik/getUpdates "HTTP/1.1 200 OK"
2026-06-27 14:23:03,519 INFO [httpx] HTTP Request: POST https://api.telegram.org/bot8623301211:AAFZ77fMxpWXT3qK5Wy28eTtD5xlGFC99ik/getUpdates "HTTP/1.1 200 OK"
2026-06-27 14:23:13,537 INFO [httpx] HTTP Request: POST https://api.telegram.org/bot8623301211:AAFZ77fMxpWXT3qK5Wy28eTtD5xlGFC99ik/getUpdates "HTTP/1.1 200 OK"
2026-06-27 14:23:23,554 INFO [httpx] HTTP Request: POST https://api.telegram.org/bot8623301211:AAFZ77fMxpWXT3qK5Wy28eTtD5xlGFC99ik/getUpdates "HTTP/1.1 200 OK"
2026-06-27 14:23:33,565 INFO [httpx] HTTP Request: POST https://api.telegram.org/bot8623301211:AAFZ77fMxpWXT3qK5Wy28eTtD5xlGFC99ik/getUpdates "HTTP/1.1 200 OK"
2026-06-27 14:23:43,579 INFO [httpx] HTTP Request: POST https://api.telegram.org/bot8623301211:AAFZ77fMxpWXT3qK5Wy28eTtD5xlGFC99ik/getUpdates "HTTP/1.1 200 OK"
2026-06-27 14:23:53,590 INFO [httpx] HTTP Request: POST https://api.telegram.org/bot8623301211:AAFZ77fMxpWXT3qK5Wy28eTtD5xlGFC99ik/getUpdates "HTTP/1.1 200 OK"
2026-06-27 14:24:03,600 INFO [httpx] HTTP Request: POST https://api.telegram.org/bot8623301211:AAFZ77fMxpWXT3qK5Wy28eTtD5xlGFC99ik/getUpdates "HTTP/1.1 200 OK"
2026-06-27 14:24:13,621 INFO [httpx] HTTP Request: POST https://api.telegram.org/bot8623301211:AAFZ77fMxpWXT3qK5Wy28eTtD5xlGFC99ik/getUpdates "HTTP/1.1 200 OK"
2026-06-27 14:24:23,635 INFO [httpx] HTTP Request: POST https://api.telegram.org/bot8623301211:AAFZ77fMxpWXT3qK5Wy28eTtD5xlGFC99ik/getUpdates "HTTP/1.1 200 OK"
2026-06-27 14:24:33,650 INFO [httpx] HTTP Request: POST https://api.telegram.org/bot8623301211:AAFZ77fMxpWXT3qK5Wy28eTtD5xlGFC99ik/getUpdates "HTTP/1.1 200 OK"
2026-06-27 14:24:43,664 INFO [httpx] HTTP Request: POST https://api.telegram.org/bot8623301211:AAFZ77fMxpWXT3qK5Wy28eTtD5xlGFC99ik/getUpdates "HTTP/1.1 200 OK"
2026-06-27 14:24:53,675 INFO [httpx] HTTP Request: POST https://api.telegram.org/bot8623301211:AAFZ77fMxpWXT3qK5Wy28eTtD5xlGFC99ik/getUpdates "HTTP/1.1 200 OK"
2026-06-27 14:25:03,694 INFO [httpx] HTTP Request: POST https://api.telegram.org/bot8623301211:AAFZ77fMxpWXT3qK5Wy28eTtD5xlGFC99ik/getUpdates "HTTP/1.1 200 OK"
2026-06-27 14:25:13,709 INFO [httpx] HTTP Request: POST https://api.telegram.org/bot8623301211:AAFZ77fMxpWXT3qK5Wy28eTtD5xlGFC99ik/getUpdates "HTTP/1.1 200 OK"
2026-06-27 14:25:23,723 INFO [httpx] HTTP Request: POST https://api.telegram.org/bot8623301211:AAFZ77fMxpWXT3qK5Wy28eTtD5xlGFC99ik/getUpdates "HTTP/1.1 200 OK"
2026-06-27 14:25:33,737 INFO [httpx] HTTP Request: POST https://api.telegram.org/bot8623301211:AAFZ77fMxpWXT3qK5Wy28eTtD5xlGFC99ik/getUpdates "HTTP/1.1 200 OK"
2026-06-27 14:25:43,760 INFO [httpx] HTTP Request: POST https://api.telegram.org/bot8623301211:AAFZ77fMxpWXT3qK5Wy28eTtD5xlGFC99ik/getUpdates "HTTP/1.1 200 OK"
2026-06-27 14:25:53,776 INFO [httpx] HTTP Request: POST https://api.telegram.org/bot8623301211:AAFZ77fMxpWXT3qK5Wy28eTtD5xlGFC99ik/getUpdates "HTTP/1.1 200 OK"
2026-06-27 14:26:03,786 INFO [httpx] HTTP Request: POST https://api.telegram.org/bot8623301211:AAFZ77fMxpWXT3qK5Wy28eTtD5xlGFC99ik/getUpdates "HTTP/1.1 200 OK"
2026-06-27 14:26:13,799 INFO [httpx] HTTP Request: POST https://api.telegram.org/bot8623301211:AAFZ77fMxpWXT3qK5Wy28eTtD5xlGFC99ik/getUpdates "HTTP/1.1 200 OK"
2026-06-27 14:26:23,813 INFO [httpx] HTTP Request: POST https://api.telegram.org/bot8623301211:AAFZ77fMxpWXT3qK5Wy28eTtD5xlGFC99ik/getUpdates "HTTP/1.1 200 OK"
2026-06-27 14:26:33,825 INFO [httpx] HTTP Request: POST https://api.telegram.org/bot8623301211:AAFZ77fMxpWXT3qK5Wy28eTtD5xlGFC99ik/getUpdates "HTTP/1.1 200 OK"
2026-06-27 14:26:43,838 INFO [httpx] HTTP Request: POST https://api.telegram.org/bot8623301211:AAFZ77fMxpWXT3qK5Wy28eTtD5xlGFC99ik/getUpdates "HTTP/1.1 200 OK"
2026-06-27 14:26:53,848 INFO [httpx] HTTP Request: POST https://api.telegram.org/bot8623301211:AAFZ77fMxpWXT3qK5Wy28eTtD5xlGFC99ik/getUpdates "HTTP/1.1 200 OK"
2026-06-27 14:27:03,863 INFO [httpx] HTTP Request: POST https://api.telegram.org/bot8623301211:AAFZ77fMxpWXT3qK5Wy28eTtD5xlGFC99ik/getUpdates "HTTP/1.1 200 OK"
2026-06-27 14:27:13,875 INFO [httpx] HTTP Request: POST https://api.telegram.org/bot8623301211:AAFZ77fMxpWXT3qK5Wy28eTtD5xlGFC99ik/getUpdates "HTTP/1.1 200 OK"
2026-06-27 14:27:23,887 INFO [httpx] HTTP Request: POST https://api.telegram.org/bot8623301211:AAFZ77fMxpWXT3qK5Wy28eTtD5xlGFC99ik/getUpdates "HTTP/1.1 200 OK"
2026-06-27 14:27:33,898 INFO [httpx] HTTP Request: POST https://api.telegram.org/bot8623301211:AAFZ77fMxpWXT3qK5Wy28eTtD5xlGFC99ik/getUpdates "HTTP/1.1 200 OK"
2026-06-27 14:27:43,908 INFO [httpx] HTTP Request: POST https://api.telegram.org/bot8623301211:AAFZ77fMxpWXT3qK5Wy28eTtD5xlGFC99ik/getUpdates "HTTP/1.1 200 OK"
2026-06-27 14:27:53,932 INFO [httpx] HTTP Request: POST https://api.telegram.org/bot8623301211:AAFZ77fMxpWXT3qK5Wy28eTtD5xlGFC99ik/getUpdates "HTTP/1.1 200 OK"
2026-06-27 14:28:03,945 INFO [httpx] HTTP Request: POST https://api.telegram.org/bot8623301211:AAFZ77fMxpWXT3qK5Wy28eTtD5xlGFC99ik/getUpdates "HTTP/1.1 200 OK"
2026-06-27 14:28:13,957 INFO [httpx] HTTP Request: POST https://api.telegram.org/bot8623301211:AAFZ77fMxpWXT3qK5Wy28eTtD5xlGFC99ik/getUpdates "HTTP/1.1 200 OK"
2026-06-27 14:28:23,973 INFO [httpx] HTTP Request: POST https://api.telegram.org/bot8623301211:AAFZ77fMxpWXT3qK5Wy28eTtD5xlGFC99ik/getUpdates "HTTP/1.1 200 OK"
2026-06-27 14:28:33,986 INFO [httpx] HTTP Request: POST https://api.telegram.org/bot8623301211:AAFZ77fMxpWXT3qK5Wy28eTtD5xlGFC99ik/getUpdates "HTTP/1.1 200 OK"
2026-06-27 14:28:43,996 INFO [httpx] HTTP Request: POST https://api.telegram.org/bot8623301211:AAFZ77fMxpWXT3qK5Wy28eTtD5xlGFC99ik/getUpdates "HTTP/1.1 200 OK"
2026-06-27 14:28:54,014 INFO [httpx] HTTP Request: POST https://api.telegram.org/bot8623301211:AAFZ77fMxpWXT3qK5Wy28eTtD5xlGFC99ik/getUpdates "HTTP/1.1 200 OK"
2026-06-27 14:29:04,045 INFO [httpx] HTTP Request: POST https://api.telegram.org/bot8623301211:AAFZ77fMxpWXT3qK5Wy28eTtD5xlGFC99ik/getUpdates "HTTP/1.1 200 OK"
2026-06-27 14:29:14,054 INFO [httpx] HTTP Request: POST https://api.telegram.org/bot8623301211:AAFZ77fMxpWXT3qK5Wy28eTtD5xlGFC99ik/getUpdates "HTTP/1.1 200 OK"
2026-06-27 14:29:24,068 INFO [httpx] HTTP Request: POST https://api.telegram.org/bot8623301211:AAFZ77fMxpWXT3qK5Wy28eTtD5xlGFC99ik/getUpdates "HTTP/1.1 200 OK"
2026-06-27 14:29:34,162 INFO [httpx] HTTP Request: POST https://api.telegram.org/bot8623301211:AAFZ77fMxpWXT3qK5Wy28eTtD5xlGFC99ik/getUpdates "HTTP/1.1 200 OK"
2026-06-27 14:29:44,193 INFO [httpx] HTTP Request: POST https://api.telegram.org/bot8623301211:AAFZ77fMxpWXT3qK5Wy28eTtD5xlGFC99ik/getUpdates "HTTP/1.1 200 OK"
2026-06-27 14:29:54,203 INFO [httpx] HTTP Request: POST https://api.telegram.org/bot8623301211:AAFZ77fMxpWXT3qK5Wy28eTtD5xlGFC99ik/getUpdates "HTTP/1.1 200 OK"
2026-06-27 14:30:04,227 INFO [httpx] HTTP Request: POST https://api.telegram.org/bot8623301211:AAFZ77fMxpWXT3qK5Wy28eTtD5xlGFC99ik/getUpdates "HTTP/1.1 200 OK"
INFO:     127.0.0.1:39612 - "GET / HTTP/1.1" 200 OK
2026-06-27 14:30:14,248 INFO [httpx] HTTP Request: POST https://api.telegram.org/bot8623301211:AAFZ77fMxpWXT3qK5Wy28eTtD5xlGFC99ik/getUpdates "HTTP/1.1 200 OK"
INFO:     127.0.0.1:39612 - "GET /favicon.ico HTTP/1.1" 404 Not Found
2026-06-27 14:30:24,275 INFO [httpx] HTTP Request: POST https://api.telegram.org/bot8623301211:AAFZ77fMxpWXT3qK5Wy28eTtD5xlGFC99ik/getUpdates "HTTP/1.1 200 OK"
2026-06-27 14:30:34,297 INFO [httpx] HTTP Request: POST https://api.telegram.org/bot8623301211:AAFZ77fMxpWXT3qK5Wy28eTtD5xlGFC99ik/getUpdates "HTTP/1.1 200 OK"
2026-06-27 14:30:44,319 INFO [httpx] HTTP Request: POST https://api.telegram.org/bot8623301211:AAFZ77fMxpWXT3qK5Wy28eTtD5xlGFC99ik/getUpdates "HTTP/1.1 200 OK"
2026-06-27 14:30:54,339 INFO [httpx] HTTP Request: POST https://api.telegram.org/bot8623301211:AAFZ77fMxpWXT3qK5Wy28eTtD5xlGFC99ik/getUpdates "HTTP/1.1 200 OK"
2026-06-27 14:31:04,352 INFO [httpx] HTTP Request: POST https://api.telegram.org/bot8623301211:AAFZ77fMxpWXT3qK5Wy28eTtD5xlGFC99ik/getUpdates "HTTP/1.1 200 OK"
2026-06-27 14:31:14,363 INFO [httpx] HTTP Request: POST https://api.telegram.org/bot8623301211:AAFZ77fMxpWXT3qK5Wy28eTtD5xlGFC99ik/getUpdates "HTTP/1.1 200 OK"
2026-06-27 14:31:24,372 INFO [httpx] HTTP Request: POST https://api.telegram.org/bot8623301211:AAFZ77fMxpWXT3qK5Wy28eTtD5xlGFC99ik/getUpdates "HTTP/1.1 200 OK"
2026-06-27 14:31:34,384 INFO [httpx] HTTP Request: POST https://api.telegram.org/bot8623301211:AAFZ77fMxpWXT3qK5Wy28eTtD5xlGFC99ik/getUpdates "HTTP/1.1 200 OK"
2026-06-27 14:31:44,398 INFO [httpx] HTTP Request: POST https://api.telegram.org/bot8623301211:AAFZ77fMxpWXT3qK5Wy28eTtD5xlGFC99ik/getUpdates "HTTP/1.1 200 OK"
2026-06-27 14:31:54,415 INFO [httpx] HTTP Request: POST https://api.telegram.org/bot8623301211:AAFZ77fMxpWXT3qK5Wy28eTtD5xlGFC99ik/getUpdates "HTTP/1.1 200 OK"
INFO:     127.0.0.1:52726 - "GET /?authuser=3 HTTP/1.1" 200 OK
2026-06-27 14:32:04,427 INFO [httpx] HTTP Request: POST https://api.telegram.org/bot8623301211:AAFZ77fMxpWXT3qK5Wy28eTtD5xlGFC99ik/getUpdates "HTTP/1.1 200 OK"
2026-06-27 14:32:14,440 INFO [httpx] HTTP Request: POST https://api.telegram.org/bot8623301211:AAFZ77fMxpWXT3qK5Wy28eTtD5xlGFC99ik/getUpdates "HTTP/1.1 200 OK"
2026-06-27 14:32:24,451 INFO [httpx] HTTP Request: POST https://api.telegram.org/bot8623301211:AAFZ77fMxpWXT3qK5Wy28eTtD5xlGFC99ik/getUpdates "HTTP/1.1 200 OK"
INFO:     127.0.0.1:47018 - "GET /?authuser=3 HTTP/1.1" 200 OK
2026-06-27 14:32:34,463 INFO [httpx] HTTP Request: POST https://api.telegram.org/bot8623301211:AAFZ77fMxpWXT3qK5Wy28eTtD5xlGFC99ik/getUpdates "HTTP/1.1 200 OK"
2026-06-27 14:32:44,476 INFO [httpx] HTTP Request: POST https://api.telegram.org/bot8623301211:AAFZ77fMxpWXT3qK5Wy28eTtD5xlGFC99ik/getUpdates "HTTP/1.1 200 OK"
2026-06-27 14:32:54,490 INFO [httpx] HTTP Request: POST https://api.telegram.org/bot8623301211:AAFZ77fMxpWXT3qK5Wy28eTtD5xlGFC99ik/getUpdates "HTTP/1.1 200 OK"
2026-06-27 14:33:04,504 INFO [httpx] HTTP Request: POST https://api.telegram.org/bot8623301211:AAFZ77fMxpWXT3qK5Wy28eTtD5xlGFC99ik/getUpdates "HTTP/1.1 200 OK"
2026-06-27 14:33:06,166 INFO [httpx] HTTP Request: POST https://api.telegram.org/bot8623301211:AAFZ77fMxpWXT3qK5Wy28eTtD5xlGFC99ik/getUpdates "HTTP/1.1 200 OK"
2026-06-27 14:33:06,377 INFO [httpx] HTTP Request: POST https://api.telegram.org/bot8623301211:AAFZ77fMxpWXT3qK5Wy28eTtD5xlGFC99ik/sendMessage "HTTP/1.1 200 OK"
INFO:     127.0.0.1:49304 - "POST /download?url=https://v.douyin.com/8tb58py7i7o&quality=best HTTP/1.1" 200 OK
2026-06-27 14:33:06,436 ERROR [api] Job 1856123f-5f56-4033-a730-be56368a3322 failed
Traceback (most recent call last):
  File "/home/smartaccuont/smart-creators-bot/api/server.py", line 73, in _run_download_job
    path = await download_video(url, quality=quality, cache=_cache, on_progress=on_progress)
           ^^^^^^^^^^^^^^^^^^^^^^^^^^^^^^^^^^^^^^^^^^^^^^^^^^^^^^^^^^^^^^^^^^^^^^^^^^^^^^^^^
  File "/home/smartaccuont/smart-creators-bot/core/worker.py", line 154, in download_video
    returncode, output_lines = await asyncio.to_thread(run_ytdlp_sync)
                               ^^^^^^^^^^^^^^^^^^^^^^^^^^^^^^^^^^^^^^^
  File "/usr/lib/python3.12/asyncio/threads.py", line 25, in to_thread
    return await loop.run_in_executor(None, func_call)
           ^^^^^^^^^^^^^^^^^^^^^^^^^^^^^^^^^^^^^^^^^^^
  File "/usr/lib/python3.12/concurrent/futures/thread.py", line 58, in run
    result = self.fn(*self.args, **self.kwargs)
             ^^^^^^^^^^^^^^^^^^^^^^^^^^^^^^^^^^
  File "/home/smartaccuont/smart-creators-bot/core/worker.py", line 116, in run_ytdlp_sync
    proc = subprocess.Popen(
           ^^^^^^^^^^^^^^^^^
  File "/usr/lib/python3.12/subprocess.py", line 1026, in __init__
    self._execute_child(args, executable, preexec_fn, close_fds,
  File "/usr/lib/python3.12/subprocess.py", line 1955, in _execute_child
    raise child_exception_type(errno_num, err_msg, err_filename)
FileNotFoundError: [Errno 2] No such file or directory: 'yt-dlp'
2026-06-27 14:33:06,476 INFO [httpx] HTTP Request: POST https://api.telegram.org/bot8623301211:AAFZ77fMxpWXT3qK5Wy28eTtD5xlGFC99ik/editMessageText "HTTP/1.1 200 OK"
INFO:     127.0.0.1:49304 - "GET /result/1856123f-5f56-4033-a730-be56368a3322 HTTP/1.1" 200 OK
2026-06-27 14:33:06,522 INFO [httpx] HTTP Request: POST https://api.telegram.org/bot8623301211:AAFZ77fMxpWXT3qK5Wy28eTtD5xlGFC99ik/editMessageText "HTTP/1.1 200 OK"
2026-06-27 14:33:10,586 INFO [httpx] HTTP Request: POST https://api.telegram.org/bot8623301211:AAFZ77fMxpWXT3qK5Wy28eTtD5xlGFC99ik/deleteMessage "HTTP/1.1 200 OK"
2026-06-27 14:33:10,612 INFO [httpx] HTTP Request: POST https://api.telegram.org/bot8623301211:AAFZ77fMxpWXT3qK5Wy28eTtD5xlGFC99ik/deleteMessage "HTTP/1.1 200 OK"
2026-06-27 14:33:16,208 INFO [httpx] HTTP Request: POST https://api.telegram.org/bot8623301211:AAFZ77fMxpWXT3qK5Wy28eTtD5xlGFC99ik/getUpdates "HTTP/1.1 200 OK"
2026-06-27 14:33:26,219 INFO [httpx] HTTP Request: POST https://api.telegram.org/bot8623301211:AAFZ77fMxpWXT3qK5Wy28eTtD5xlGFC99ik/getUpdates "HTTP/1.1 200 OK"
2026-06-27 14:33:36,233 INFO [httpx] HTTP Request: POST https://api.telegram.org/bot8623301211:AAFZ77fMxpWXT3qK5Wy28eTtD5xlGFC99ik/getUpdates "HTTP/1.1 200 OK"
2026-06-27 14:33:46,252 INFO [httpx] HTTP Request: POST https://api.telegram.org/bot8623301211:AAFZ77fMxpWXT3qK5Wy28eTtD5xlGFC99ik/getUpdates "HTTP/1.1 200 OK"
2026-06-27 14:33:56,263 INFO [httpx] HTTP Request: POST https://api.telegram.org/bot8623301211:AAFZ77fMxpWXT3qK5Wy28eTtD5xlGFC99ik/getUpdates "HTTP/1.1 200 OK"
INFO:     127.0.0.1:33644 - "GET /?authuser=3 HTTP/1.1" 200 OK
2026-06-27 14:34:06,274 INFO [httpx] HTTP Request: POST https://api.telegram.org/bot8623301211:AAFZ77fMxpWXT3qK5Wy28eTtD5xlGFC99ik/getUpdates "HTTP/1.1 200 OK"
INFO:     127.0.0.1:33644 - "GET /?authuser=3 HTTP/1.1" 200 OK
2026-06-27 14:34:16,287 INFO [httpx] HTTP Request: POST https://api.telegram.org/bot8623301211:AAFZ77fMxpWXT3qK5Wy28eTtD5xlGFC99ik/getUpdates "HTTP/1.1 200 OK"
2026-06-27 14:34:26,299 INFO [httpx] HTTP Request: POST https://api.telegram.org/bot8623301211:AAFZ77fMxpWXT3qK5Wy28eTtD5xlGFC99ik/getUpdates "HTTP/1.1 200 OK"
2026-06-27 14:34:36,320 INFO [httpx] HTTP Request: POST https://api.telegram.org/bot8623301211:AAFZ77fMxpWXT3qK5Wy28eTtD5xlGFC99ik/getUpdates "HTTP/1.1 200 OK"
2026-06-27 14:34:46,331 INFO [httpx] HTTP Request: POST https://api.telegram.org/bot8623301211:AAFZ77fMxpWXT3qK5Wy28eTtD5xlGFC99ik/getUpdates "HTTP/1.1 200 OK"
2026-06-27 14:34:56,346 INFO [httpx] HTTP Request: POST https://api.telegram.org/bot8623301211:AAFZ77fMxpWXT3qK5Wy28eTtD5xlGFC99ik/getUpdates "HTTP/1.1 200 OK"
2026-06-27 14:35:06,358 INFO [httpx] HTTP Request: POST https://api.telegram.org/bot8623301211:AAFZ77fMxpWXT3qK5Wy28eTtD5xlGFC99ik/getUpdates "HTTP/1.1 200 OK"
2026-06-27 14:35:16,370 INFO [httpx] HTTP Request: POST https://api.telegram.org/bot8623301211:AAFZ77fMxpWXT3qK5Wy28eTtD5xlGFC99ik/getUpdates "HTTP/1.1 200 OK"
2026-06-27 14:35:26,379 INFO [httpx] HTTP Request: POST https://api.telegram.org/bot8623301211:AAFZ77fMxpWXT3qK5Wy28eTtD5xlGFC99ik/getUpdates "HTTP/1.1 200 OK"
2026-06-27 14:35:36,389 INFO [httpx] HTTP Request: POST https://api.telegram.org/bot8623301211:AAFZ77fMxpWXT3qK5Wy28eTtD5xlGFC99ik/getUpdates "HTTP/1.1 200 OK"
2026-06-27 14:35:46,401 INFO [httpx] HTTP Request: POST https://api.telegram.org/bot8623301211:AAFZ77fMxpWXT3qK5Wy28eTtD5xlGFC99ik/getUpdates "HTTP/1.1 200 OK"
2026-06-27 14:35:56,416 INFO [httpx] HTTP Request: POST https://api.telegram.org/bot8623301211:AAFZ77fMxpWXT3qK5Wy28eTtD5xlGFC99ik/getUpdates "HTTP/1.1 200 OK"
2026-06-27 14:36:06,425 INFO [httpx] HTTP Request: POST https://api.telegram.org/bot8623301211:AAFZ77fMxpWXT3qK5Wy28eTtD5xlGFC99ik/getUpdates "HTTP/1.1 200 OK"
2026-06-27 14:36:16,439 INFO [httpx] HTTP Request: POST https://api.telegram.org/bot8623301211:AAFZ77fMxpWXT3qK5Wy28eTtD5xlGFC99ik/getUpdates "HTTP/1.1 200 OK"
2026-06-27 14:36:26,449 INFO [httpx] HTTP Request: POST https://api.telegram.org/bot8623301211:AAFZ77fMxpWXT3qK5Wy28eTtD5xlGFC99ik/getUpdates "HTTP/1.1 200 OK"
2026-06-27 14:36:36,466 INFO [httpx] HTTP Request: POST https://api.telegram.org/bot8623301211:AAFZ77fMxpWXT3qK5Wy28eTtD5xlGFC99ik/getUpdates "HTTP/1.1 200 OK"
2026-06-27 14:36:46,478 INFO [httpx] HTTP Request: POST https://api.telegram.org/bot8623301211:AAFZ77fMxpWXT3qK5Wy28eTtD5xlGFC99ik/getUpdates "HTTP/1.1 200 OK"
INFO:     127.0.0.1:52490 - "GET /?authuser=3 HTTP/1.1" 200 OK
2026-06-27 14:36:56,491 INFO [httpx] HTTP Request: POST https://api.telegram.org/bot8623301211:AAFZ77fMxpWXT3qK5Wy28eTtD5xlGFC99ik/getUpdates "HTTP/1.1 200 OK"
2026-06-27 14:37:06,503 INFO [httpx] HTTP Request: POST https://api.telegram.org/bot8623301211:AAFZ77fMxpWXT3qK5Wy28eTtD5xlGFC99ik/getUpdates "HTTP/1.1 200 OK"
2026-06-27 14:37:16,513 INFO [httpx] HTTP Request: POST https://api.telegram.org/bot8623301211:AAFZ77fMxpWXT3qK5Wy28eTtD5xlGFC99ik/getUpdates "HTTP/1.1 200 OK"
2026-06-27 14:37:26,524 INFO [httpx] HTTP Request: POST https://api.telegram.org/bot8623301211:AAFZ77fMxpWXT3qK5Wy28eTtD5xlGFC99ik/getUpdates "HTTP/1.1 200 OK"
2026-06-27 14:37:36,533 INFO [httpx] HTTP Request: POST https://api.telegram.org/bot8623301211:AAFZ77fMxpWXT3qK5Wy28eTtD5xlGFC99ik/getUpdates "HTTP/1.1 200 OK"
2026-06-27 14:37:46,544 INFO [httpx] HTTP Request: POST https://api.telegram.org/bot8623301211:AAFZ77fMxpWXT3qK5Wy28eTtD5xlGFC99ik/getUpdates "HTTP/1.1 200 OK"
2026-06-27 14:37:56,560 INFO [httpx] HTTP Request: POST https://api.telegram.org/bot8623301211:AAFZ77fMxpWXT3qK5Wy28eTtD5xlGFC99ik/getUpdates "HTTP/1.1 200 OK"
2026-06-27 14:38:06,572 INFO [httpx] HTTP Request: POST https://api.telegram.org/bot8623301211:AAFZ77fMxpWXT3qK5Wy28eTtD5xlGFC99ik/getUpdates "HTTP/1.1 200 OK"
2026-06-27 14:38:16,587 INFO [httpx] HTTP Request: POST https://api.telegram.org/bot8623301211:AAFZ77fMxpWXT3qK5Wy28eTtD5xlGFC99ik/getUpdates "HTTP/1.1 200 OK"
2026-06-27 14:38:26,600 INFO [httpx] HTTP Request: POST https://api.telegram.org/bot8623301211:AAFZ77fMxpWXT3qK5Wy28eTtD5xlGFC99ik/getUpdates "HTTP/1.1 200 OK"
2026-06-27 14:38:36,615 INFO [httpx] HTTP Request: POST https://api.telegram.org/bot8623301211:AAFZ77fMxpWXT3qK5Wy28eTtD5xlGFC99ik/getUpdates "HTTP/1.1 200 OK"
INFO:     127.0.0.1:43250 - "GET /?authuser=3 HTTP/1.1" 200 OK
2026-06-27 14:38:46,630 INFO [httpx] HTTP Request: POST https://api.telegram.org/bot8623301211:AAFZ77fMxpWXT3qK5Wy28eTtD5xlGFC99ik/getUpdates "HTTP/1.1 200 OK"
2026-06-27 14:38:56,642 INFO [httpx] HTTP Request: POST https://api.telegram.org/bot8623301211:AAFZ77fMxpWXT3qK5Wy28eTtD5xlGFC99ik/getUpdates "HTTP/1.1 200 OK"
2026-06-27 14:39:06,659 INFO [httpx] HTTP Request: POST https://api.telegram.org/bot8623301211:AAFZ77fMxpWXT3qK5Wy28eTtD5xlGFC99ik/getUpdates "HTTP/1.1 200 OK"
2026-06-27 14:39:16,671 INFO [httpx] HTTP Request: POST https://api.telegram.org/bot8623301211:AAFZ77fMxpWXT3qK5Wy28eTtD5xlGFC99ik/getUpdates "HTTP/1.1 200 OK"
2026-06-27 14:39:26,685 INFO [httpx] HTTP Request: POST https://api.telegram.org/bot8623301211:AAFZ77fMxpWXT3qK5Wy28eTtD5xlGFC99ik/getUpdates "HTTP/1.1 200 OK"
2026-06-27 14:39:36,698 INFO [httpx] HTTP Request: POST https://api.telegram.org/bot8623301211:AAFZ77fMxpWXT3qK5Wy28eTtD5xlGFC99ik/getUpdates "HTTP/1.1 200 OK"
2026-06-27 14:39:46,712 INFO [httpx] HTTP Request: POST https://api.telegram.org/bot8623301211:AAFZ77fMxpWXT3qK5Wy28eTtD5xlGFC99ik/getUpdates "HTTP/1.1 200 OK"
2026-06-27 14:39:56,723 INFO [httpx] HTTP Request: POST https://api.telegram.org/bot8623301211:AAFZ77fMxpWXT3qK5Wy28eTtD5xlGFC99ik/getUpdates "HTTP/1.1 200 OK"
2026-06-27 14:40:06,734 INFO [httpx] HTTP Request: POST https://api.telegram.org/bot8623301211:AAFZ77fMxpWXT3qK5Wy28eTtD5xlGFC99ik/getUpdates "HTTP/1.1 200 OK"
2026-06-27 14:40:16,755 INFO [httpx] HTTP Request: POST https://api.telegram.org/bot8623301211:AAFZ77fMxpWXT3qK5Wy28eTtD5xlGFC99ik/getUpdates "HTTP/1.1 200 OK"
2026-06-27 14:40:26,764 INFO [httpx] HTTP Request: POST https://api.telegram.org/bot8623301211:AAFZ77fMxpWXT3qK5Wy28eTtD5xlGFC99ik/getUpdates "HTTP/1.1 200 OK"
2026-06-27 14:40:36,777 INFO [httpx] HTTP Request: POST https://api.telegram.org/bot8623301211:AAFZ77fMxpWXT3qK5Wy28eTtD5xlGFC99ik/getUpdates "HTTP/1.1 200 OK"
2026-06-27 14:40:46,794 INFO [httpx] HTTP Request: POST https://api.telegram.org/bot8623301211:AAFZ77fMxpWXT3qK5Wy28eTtD5xlGFC99ik/getUpdates "HTTP/1.1 200 OK"
2026-06-27 14:40:56,807 INFO [httpx] HTTP Request: POST https://api.telegram.org/bot8623301211:AAFZ77fMxpWXT3qK5Wy28eTtD5xlGFC99ik/getUpdates "HTTP/1.1 200 OK"
2026-06-27 14:41:06,819 INFO [httpx] HTTP Request: POST https://api.telegram.org/bot8623301211:AAFZ77fMxpWXT3qK5Wy28eTtD5xlGFC99ik/getUpdates "HTTP/1.1 200 OK"
2026-06-27 14:41:16,829 INFO [httpx] HTTP Request: POST https://api.telegram.org/bot8623301211:AAFZ77fMxpWXT3qK5Wy28eTtD5xlGFC99ik/getUpdates "HTTP/1.1 200 OK"
2026-06-27 14:41:26,850 INFO [httpx] HTTP Request: POST https://api.telegram.org/bot8623301211:AAFZ77fMxpWXT3qK5Wy28eTtD5xlGFC99ik/getUpdates "HTTP/1.1 200 OK"
2026-06-27 14:41:36,876 INFO [httpx] HTTP Request: POST https://api.telegram.org/bot8623301211:AAFZ77fMxpWXT3qK5Wy28eTtD5xlGFC99ik/getUpdates "HTTP/1.1 200 OK"
2026-06-27 14:41:46,886 INFO [httpx] HTTP Request: POST https://api.telegram.org/bot8623301211:AAFZ77fMxpWXT3qK5Wy28eTtD5xlGFC99ik/getUpdates "HTTP/1.1 200 OK"
2026-06-27 14:41:56,895 INFO [httpx] HTTP Request: POST https://api.telegram.org/bot8623301211:AAFZ77fMxpWXT3qK5Wy28eTtD5xlGFC99ik/getUpdates "HTTP/1.1 200 OK"
2026-06-27 14:42:06,905 INFO [httpx] HTTP Request: POST https://api.telegram.org/bot8623301211:AAFZ77fMxpWXT3qK5Wy28eTtD5xlGFC99ik/getUpdates "HTTP/1.1 200 OK"
2026-06-27 14:42:16,914 INFO [httpx] HTTP Request: POST https://api.telegram.org/bot8623301211:AAFZ77fMxpWXT3qK5Wy28eTtD5xlGFC99ik/getUpdates "HTTP/1.1 200 OK"
2026-06-27 14:42:26,924 INFO [httpx] HTTP Request: POST https://api.telegram.org/bot8623301211:AAFZ77fMxpWXT3qK5Wy28eTtD5xlGFC99ik/getUpdates "HTTP/1.1 200 OK"
2026-06-27 14:42:36,933 INFO [httpx] HTTP Request: POST https://api.telegram.org/bot8623301211:AAFZ77fMxpWXT3qK5Wy28eTtD5xlGFC99ik/getUpdates "HTTP/1.1 200 OK"
2026-06-27 14:42:46,942 INFO [httpx] HTTP Request: POST https://api.telegram.org/bot8623301211:AAFZ77fMxpWXT3qK5Wy28eTtD5xlGFC99ik/getUpdates "HTTP/1.1 200 OK"
2026-06-27 14:42:56,952 INFO [httpx] HTTP Request: POST https://api.telegram.org/bot8623301211:AAFZ77fMxpWXT3qK5Wy28eTtD5xlGFC99ik/getUpdates "HTTP/1.1 200 OK"
2026-06-27 14:43:06,961 INFO [httpx] HTTP Request: POST https://api.telegram.org/bot8623301211:AAFZ77fMxpWXT3qK5Wy28eTtD5xlGFC99ik/getUpdates "HTTP/1.1 200 OK"
2026-06-27 14:43:16,971 INFO [httpx] HTTP Request: POST https://api.telegram.org/bot8623301211:AAFZ77fMxpWXT3qK5Wy28eTtD5xlGFC99ik/getUpdates "HTTP/1.1 200 OK"
2026-06-27 14:43:26,981 INFO [httpx] HTTP Request: POST https://api.telegram.org/bot8623301211:AAFZ77fMxpWXT3qK5Wy28eTtD5xlGFC99ik/getUpdates "HTTP/1.1 200 OK"
INFO:     127.0.0.1:54028 - "GET /?authuser=3 HTTP/1.1" 200 OK
2026-06-27 14:43:36,991 INFO [httpx] HTTP Request: POST https://api.telegram.org/bot8623301211:AAFZ77fMxpWXT3qK5Wy28eTtD5xlGFC99ik/getUpdates "HTTP/1.1 200 OK"
2026-06-27 14:43:47,002 INFO [httpx] HTTP Request: POST https://api.telegram.org/bot8623301211:AAFZ77fMxpWXT3qK5Wy28eTtD5xlGFC99ik/getUpdates "HTTP/1.1 200 OK"
2026-06-27 14:43:57,012 INFO [httpx] HTTP Request: POST https://api.telegram.org/bot8623301211:AAFZ77fMxpWXT3qK5Wy28eTtD5xlGFC99ik/getUpdates "HTTP/1.1 200 OK"
2026-06-27 14:44:07,023 INFO [httpx] HTTP Request: POST https://api.telegram.org/bot8623301211:AAFZ77fMxpWXT3qK5Wy28eTtD5xlGFC99ik/getUpdates "HTTP/1.1 200 OK"
2026-06-27 14:44:17,033 INFO [httpx] HTTP Request: POST https://api.telegram.org/bot8623301211:AAFZ77fMxpWXT3qK5Wy28eTtD5xlGFC99ik/getUpdates "HTTP/1.1 200 OK"
2026-06-27 14:44:27,046 INFO [httpx] HTTP Request: POST https://api.telegram.org/bot8623301211:AAFZ77fMxpWXT3qK5Wy28eTtD5xlGFC99ik/getUpdates "HTTP/1.1 200 OK"
2026-06-27 14:44:37,056 INFO [httpx] HTTP Request: POST https://api.telegram.org/bot8623301211:AAFZ77fMxpWXT3qK5Wy28eTtD5xlGFC99ik/getUpdates "HTTP/1.1 200 OK"
2026-06-27 14:44:47,065 INFO [httpx] HTTP Request: POST https://api.telegram.org/bot8623301211:AAFZ77fMxpWXT3qK5Wy28eTtD5xlGFC99ik/getUpdates "HTTP/1.1 200 OK"
2026-06-27 14:44:57,074 INFO [httpx] HTTP Request: POST https://api.telegram.org/bot8623301211:AAFZ77fMxpWXT3qK5Wy28eTtD5xlGFC99ik/getUpdates "HTTP/1.1 200 OK"
2026-06-27 14:45:07,084 INFO [httpx] HTTP Request: POST https://api.telegram.org/bot8623301211:AAFZ77fMxpWXT3qK5Wy28eTtD5xlGFC99ik/getUpdates "HTTP/1.1 200 OK"
2026-06-27 14:45:17,096 INFO [httpx] HTTP Request: POST https://api.telegram.org/bot8623301211:AAFZ77fMxpWXT3qK5Wy28eTtD5xlGFC99ik/getUpdates "HTTP/1.1 200 OK"
2026-06-27 14:45:27,105 INFO [httpx] HTTP Request: POST https://api.telegram.org/bot8623301211:AAFZ77fMxpWXT3qK5Wy28eTtD5xlGFC99ik/getUpdates "HTTP/1.1 200 OK"
2026-06-27 14:45:37,114 INFO [httpx] HTTP Request: POST https://api.telegram.org/bot8623301211:AAFZ77fMxpWXT3qK5Wy28eTtD5xlGFC99ik/getUpdates "HTTP/1.1 200 OK"
2026-06-27 14:45:47,125 INFO [httpx] HTTP Request: POST https://api.telegram.org/bot8623301211:AAFZ77fMxpWXT3qK5Wy28eTtD5xlGFC99ik/getUpdates "HTTP/1.1 200 OK"
2026-06-27 14:45:57,135 INFO [httpx] HTTP Request: POST https://api.telegram.org/bot8623301211:AAFZ77fMxpWXT3qK5Wy28eTtD5xlGFC99ik/getUpdates "HTTP/1.1 200 OK"
2026-06-27 14:46:07,146 INFO [httpx] HTTP Request: POST https://api.telegram.org/bot8623301211:AAFZ77fMxpWXT3qK5Wy28eTtD5xlGFC99ik/getUpdates "HTTP/1.1 200 OK"
2026-06-27 14:46:17,155 INFO [httpx] HTTP Request: POST https://api.telegram.org/bot8623301211:AAFZ77fMxpWXT3qK5Wy28eTtD5xlGFC99ik/getUpdates "HTTP/1.1 200 OK"
2026-06-27 14:46:27,165 INFO [httpx] HTTP Request: POST https://api.telegram.org/bot8623301211:AAFZ77fMxpWXT3qK5Wy28eTtD5xlGFC99ik/getUpdates "HTTP/1.1 200 OK"
2026-06-27 14:46:37,174 INFO [httpx] HTTP Request: POST https://api.telegram.org/bot8623301211:AAFZ77fMxpWXT3qK5Wy28eTtD5xlGFC99ik/getUpdates "HTTP/1.1 200 OK"
2026-06-27 14:46:47,184 INFO [httpx] HTTP Request: POST https://api.telegram.org/bot8623301211:AAFZ77fMxpWXT3qK5Wy28eTtD5xlGFC99ik/getUpdates "HTTP/1.1 200 OK"
2026-06-27 14:46:57,194 INFO [httpx] HTTP Request: POST https://api.telegram.org/bot8623301211:AAFZ77fMxpWXT3qK5Wy28eTtD5xlGFC99ik/getUpdates "HTTP/1.1 200 OK"
2026-06-27 14:47:07,205 INFO [httpx] HTTP Request: POST https://api.telegram.org/bot8623301211:AAFZ77fMxpWXT3qK5Wy28eTtD5xlGFC99ik/getUpdates "HTTP/1.1 200 OK"
2026-06-27 14:47:17,214 INFO [httpx] HTTP Request: POST https://api.telegram.org/bot8623301211:AAFZ77fMxpWXT3qK5Wy28eTtD5xlGFC99ik/getUpdates "HTTP/1.1 200 OK"
2026-06-27 14:47:27,224 INFO [httpx] HTTP Request: POST https://api.telegram.org/bot8623301211:AAFZ77fMxpWXT3qK5Wy28eTtD5xlGFC99ik/getUpdates "HTTP/1.1 200 OK"
2026-06-27 14:47:37,234 INFO [httpx] HTTP Request: POST https://api.telegram.org/bot8623301211:AAFZ77fMxpWXT3qK5Wy28eTtD5xlGFC99ik/getUpdates "HTTP/1.1 200 OK"
2026-06-27 14:47:47,244 INFO [httpx] HTTP Request: POST https://api.telegram.org/bot8623301211:AAFZ77fMxpWXT3qK5Wy28eTtD5xlGFC99ik/getUpdates "HTTP/1.1 200 OK"
2026-06-27 14:47:57,254 INFO [httpx] HTTP Request: POST https://api.telegram.org/bot8623301211:AAFZ77fMxpWXT3qK5Wy28eTtD5xlGFC99ik/getUpdates "HTTP/1.1 200 OK"
2026-06-27 14:48:07,265 INFO [httpx] HTTP Request: POST https://api.telegram.org/bot8623301211:AAFZ77fMxpWXT3qK5Wy28eTtD5xlGFC99ik/getUpdates "HTTP/1.1 200 OK"
2026-06-27 14:48:17,274 INFO [httpx] HTTP Request: POST https://api.telegram.org/bot8623301211:AAFZ77fMxpWXT3qK5Wy28eTtD5xlGFC99ik/getUpdates "HTTP/1.1 200 OK"
2026-06-27 14:48:27,283 INFO [httpx] HTTP Request: POST https://api.telegram.org/bot8623301211:AAFZ77fMxpWXT3qK5Wy28eTtD5xlGFC99ik/getUpdates "HTTP/1.1 200 OK"
2026-06-27 14:48:37,293 INFO [httpx] HTTP Request: POST https://api.telegram.org/bot8623301211:AAFZ77fMxpWXT3qK5Wy28eTtD5xlGFC99ik/getUpdates "HTTP/1.1 200 OK"
2026-06-27 14:48:47,303 INFO [httpx] HTTP Request: POST https://api.telegram.org/bot8623301211:AAFZ77fMxpWXT3qK5Wy28eTtD5xlGFC99ik/getUpdates "HTTP/1.1 200 OK"
2026-06-27 14:48:57,312 INFO [httpx] HTTP Request: POST https://api.telegram.org/bot8623301211:AAFZ77fMxpWXT3qK5Wy28eTtD5xlGFC99ik/getUpdates "HTTP/1.1 200 OK"
2026-06-27 14:49:07,323 INFO [httpx] HTTP Request: POST https://api.telegram.org/bot8623301211:AAFZ77fMxpWXT3qK5Wy28eTtD5xlGFC99ik/getUpdates "HTTP/1.1 200 OK"
2026-06-27 14:49:17,333 INFO [httpx] HTTP Request: POST https://api.telegram.org/bot8623301211:AAFZ77fMxpWXT3qK5Wy28eTtD5xlGFC99ik/getUpdates "HTTP/1.1 200 OK"
2026-06-27 14:49:27,344 INFO [httpx] HTTP Request: POST https://api.telegram.org/bot8623301211:AAFZ77fMxpWXT3qK5Wy28eTtD5xlGFC99ik/getUpdates "HTTP/1.1 200 OK"
2026-06-27 14:49:37,354 INFO [httpx] HTTP Request: POST https://api.telegram.org/bot8623301211:AAFZ77fMxpWXT3qK5Wy28eTtD5xlGFC99ik/getUpdates "HTTP/1.1 200 OK"
2026-06-27 14:49:47,363 INFO [httpx] HTTP Request: POST https://api.telegram.org/bot8623301211:AAFZ77fMxpWXT3qK5Wy28eTtD5xlGFC99ik/getUpdates "HTTP/1.1 200 OK"
2026-06-27 14:49:57,371 INFO [httpx] HTTP Request: POST https://api.telegram.org/bot8623301211:AAFZ77fMxpWXT3qK5Wy28eTtD5xlGFC99ik/getUpdates "HTTP/1.1 200 OK"
2026-06-27 14:50:02,249 INFO [httpx] HTTP Request: POST https://api.telegram.org/bot8623301211:AAFZ77fMxpWXT3qK5Wy28eTtD5xlGFC99ik/getUpdates "HTTP/1.1 200 OK"
2026-06-27 14:50:02,250 INFO [telegram.ext.Application] Application is stopping. This might take a moment.
2026-06-27 14:50:02,251 INFO [telegram.ext.Application] Application.stop() complete
✅ Loaded .env from /home/smartaccuont/smart-creators-bot/.env
🔧 DOWNLOAD_API_URL set to http://localhost:8080
🚀 Starting FastAPI on port 8080...
🤖 Starting Telegram bot...
✅ API PID=4706 | Bot PID=4712
❌ Bot process exited with code 0. Exiting...
INFO:     Shutting down
INFO:     Waiting for application shutdown.
INFO:     Application shutdown complete.
INFO:     Finished server process [4706]
